24-11-12.11:32:51.639 [main            ] INFO  Application            - Starting Application using Java 1.8.0_412 on DESKTOP-65RJJEF with PID 28368 (D:\workspace\s-pay-mall-zqiusu\s-pay-mall-controller\target\classes started by 24409 in D:\workspace\s-pay-mall-zqiusu)
24-11-12.11:32:51.660 [main            ] INFO  Application            - The following 1 profile is active: "dev"
24-11-12.11:32:54.445 [main            ] INFO  TomcatWebServer        - Tomcat initialized with port(s): 8080 (http)
24-11-12.11:32:54.472 [main            ] INFO  Http11NioProtocol      - Initializing ProtocolHandler ["http-nio-8080"]
24-11-12.11:32:54.474 [main            ] INFO  StandardService        - Starting service [Tomcat]
24-11-12.11:32:54.474 [main            ] INFO  StandardEngine         - Starting Servlet engine: [Apache Tomcat/9.0.75]
24-11-12.11:32:54.856 [main            ] INFO  [/]                    - Initializing Spring embedded WebApplicationContext
24-11-12.11:32:54.856 [main            ] INFO  ServletWebServerApplicationContext - Root WebApplicationContext: initialization completed in 3068 ms
24-11-12.11:32:56.806 [main            ] INFO  Http11NioProtocol      - Starting ProtocolHandler ["http-nio-8080"]
24-11-12.11:32:56.828 [main            ] INFO  TomcatWebServer        - Tomcat started on port(s): 8080 (http) with context path ''
24-11-12.11:32:56.853 [main            ] INFO  Application            - Started Application in 6.818 seconds (JVM running for 12.068)
24-11-12.11:33:57.373 [http-nio-8080-exec-1] INFO  [/]                    - Initializing Spring DispatcherServlet 'dispatcherServlet'
24-11-12.11:33:57.373 [http-nio-8080-exec-1] INFO  DispatcherServlet      - Initializing Servlet 'dispatcherServlet'
24-11-12.11:33:57.374 [http-nio-8080-exec-1] INFO  DispatcherServlet      - Completed initialization in 0 ms
24-11-12.11:34:42.361 [http-nio-8080-exec-2] INFO  WeixinPortalController - 接收微信公众号信息请求omADk6tkNC439hXDMlSgf-3ESlrU开始 <xml><ToUserName><![CDATA[gh_c286e44246ca]]></ToUserName>
<FromUserName><![CDATA[omADk6tkNC439hXDMlSgf-3ESlrU]]></FromUserName>
<CreateTime>1731382481</CreateTime>
<MsgType><![CDATA[text]]></MsgType>
<Content><![CDATA[1]]></Content>
<MsgId>24787434407436027</MsgId>
</xml>
24-11-12.11:34:42.902 [http-nio-8080-exec-2] ERROR WeixinPortalController - 接收微信公众号信息请求omADk6tkNC439hXDMlSgf-3ESlrU失败 <xml><ToUserName><![CDATA[gh_c286e44246ca]]></ToUserName>
<FromUserName><![CDATA[omADk6tkNC439hXDMlSgf-3ESlrU]]></FromUserName>
<CreateTime>1731382481</CreateTime>
<MsgType><![CDATA[text]]></MsgType>
<Content><![CDATA[1]]></Content>
<MsgId>24787434407436027</MsgId>
</xml>
com.thoughtworks.xstream.converters.reflection.AbstractReflectionConverter$UnknownFieldException: No such field org.example.common.weixin.MessageTextEntity.MsgId
---- Debugging information ----
message             : No such field org.example.common.weixin.MessageTextEntity.MsgId
field               : MsgId
class               : org.example.common.weixin.MessageTextEntity
required-type       : org.example.common.weixin.MessageTextEntity
converter-type      : com.thoughtworks.xstream.converters.reflection.ReflectionConverter
version             : 1.4.10
-------------------------------
	at com.thoughtworks.xstream.converters.reflection.AbstractReflectionConverter.handleUnknownField(AbstractReflectionConverter.java:524)
	at com.thoughtworks.xstream.converters.reflection.AbstractReflectionConverter.doUnmarshal(AbstractReflectionConverter.java:375)
	at com.thoughtworks.xstream.converters.reflection.AbstractReflectionConverter.unmarshal(AbstractReflectionConverter.java:281)
	at com.thoughtworks.xstream.core.TreeUnmarshaller.convert(TreeUnmarshaller.java:72)
	at com.thoughtworks.xstream.core.TreeUnmarshaller.convertAnother(TreeUnmarshaller.java:66)
	at com.thoughtworks.xstream.core.TreeUnmarshaller.convertAnother(TreeUnmarshaller.java:50)
	at com.thoughtworks.xstream.core.TreeUnmarshaller.start(TreeUnmarshaller.java:134)
	at com.thoughtworks.xstream.core.AbstractTreeMarshallingStrategy.unmarshal(AbstractTreeMarshallingStrategy.java:32)
	at com.thoughtworks.xstream.XStream.unmarshal(XStream.java:1486)
	at com.thoughtworks.xstream.XStream.unmarshal(XStream.java:1466)
	at com.thoughtworks.xstream.XStream.fromXML(XStream.java:1337)
	at com.thoughtworks.xstream.XStream.fromXML(XStream.java:1328)
	at org.example.common.weixin.XmlUtil.xmlToBean(XmlUtil.java:148)
	at org.example.controller.WeixinPortalController.post(WeixinPortalController.java:67)
	at sun.reflect.NativeMethodAccessorImpl.invoke0(Native Method)
	at sun.reflect.NativeMethodAccessorImpl.invoke(NativeMethodAccessorImpl.java:62)
	at sun.reflect.DelegatingMethodAccessorImpl.invoke(DelegatingMethodAccessorImpl.java:43)
	at java.lang.reflect.Method.invoke(Method.java:498)
	at org.springframework.web.method.support.InvocableHandlerMethod.doInvoke(InvocableHandlerMethod.java:205)
	at org.springframework.web.method.support.InvocableHandlerMethod.invokeForRequest(InvocableHandlerMethod.java:150)
	at org.springframework.web.servlet.mvc.method.annotation.ServletInvocableHandlerMethod.invokeAndHandle(ServletInvocableHandlerMethod.java:117)
	at org.springframework.web.servlet.mvc.method.annotation.RequestMappingHandlerAdapter.invokeHandlerMethod(RequestMappingHandlerAdapter.java:895)
	at org.springframework.web.servlet.mvc.method.annotation.RequestMappingHandlerAdapter.handleInternal(RequestMappingHandlerAdapter.java:808)
	at org.springframework.web.servlet.mvc.method.AbstractHandlerMethodAdapter.handle(AbstractHandlerMethodAdapter.java:87)
	at org.springframework.web.servlet.DispatcherServlet.doDispatch(DispatcherServlet.java:1072)
	at org.springframework.web.servlet.DispatcherServlet.doService(DispatcherServlet.java:965)
	at org.springframework.web.servlet.FrameworkServlet.processRequest(FrameworkServlet.java:1006)
	at org.springframework.web.servlet.FrameworkServlet.doPost(FrameworkServlet.java:909)
	at javax.servlet.http.HttpServlet.service(HttpServlet.java:555)
	at org.springframework.web.servlet.FrameworkServlet.service(FrameworkServlet.java:883)
	at javax.servlet.http.HttpServlet.service(HttpServlet.java:623)
	at org.apache.catalina.core.ApplicationFilterChain.internalDoFilter(ApplicationFilterChain.java:209)
	at org.apache.catalina.core.ApplicationFilterChain.doFilter(ApplicationFilterChain.java:153)
	at org.apache.tomcat.websocket.server.WsFilter.doFilter(WsFilter.java:51)
	at org.apache.catalina.core.ApplicationFilterChain.internalDoFilter(ApplicationFilterChain.java:178)
	at org.apache.catalina.core.ApplicationFilterChain.doFilter(ApplicationFilterChain.java:153)
	at org.springframework.web.filter.RequestContextFilter.doFilterInternal(RequestContextFilter.java:100)
	at org.springframework.web.filter.OncePerRequestFilter.doFilter(OncePerRequestFilter.java:117)
	at org.apache.catalina.core.ApplicationFilterChain.internalDoFilter(ApplicationFilterChain.java:178)
	at org.apache.catalina.core.ApplicationFilterChain.doFilter(ApplicationFilterChain.java:153)
	at org.springframework.web.filter.FormContentFilter.doFilterInternal(FormContentFilter.java:93)
	at org.springframework.web.filter.OncePerRequestFilter.doFilter(OncePerRequestFilter.java:117)
	at org.apache.catalina.core.ApplicationFilterChain.internalDoFilter(ApplicationFilterChain.java:178)
	at org.apache.catalina.core.ApplicationFilterChain.doFilter(ApplicationFilterChain.java:153)
	at org.springframework.web.filter.CharacterEncodingFilter.doFilterInternal(CharacterEncodingFilter.java:201)
	at org.springframework.web.filter.OncePerRequestFilter.doFilter(OncePerRequestFilter.java:117)
	at org.apache.catalina.core.ApplicationFilterChain.internalDoFilter(ApplicationFilterChain.java:178)
	at org.apache.catalina.core.ApplicationFilterChain.doFilter(ApplicationFilterChain.java:153)
	at org.apache.catalina.core.StandardWrapperValve.invoke(StandardWrapperValve.java:167)
	at org.apache.catalina.core.StandardContextValve.invoke(StandardContextValve.java:90)
	at org.apache.catalina.authenticator.AuthenticatorBase.invoke(AuthenticatorBase.java:481)
	at org.apache.catalina.core.StandardHostValve.invoke(StandardHostValve.java:130)
	at org.apache.catalina.valves.ErrorReportValve.invoke(ErrorReportValve.java:93)
	at org.apache.catalina.core.StandardEngineValve.invoke(StandardEngineValve.java:74)
	at org.apache.catalina.connector.CoyoteAdapter.service(CoyoteAdapter.java:343)
	at org.apache.coyote.http11.Http11Processor.service(Http11Processor.java:390)
	at org.apache.coyote.AbstractProcessorLight.process(AbstractProcessorLight.java:63)
	at org.apache.coyote.AbstractProtocol$ConnectionHandler.process(AbstractProtocol.java:926)
	at org.apache.tomcat.util.net.NioEndpoint$SocketProcessor.doRun(NioEndpoint.java:1791)
	at org.apache.tomcat.util.net.SocketProcessorBase.run(SocketProcessorBase.java:52)
	at org.apache.tomcat.util.threads.ThreadPoolExecutor.runWorker(ThreadPoolExecutor.java:1191)
	at org.apache.tomcat.util.threads.ThreadPoolExecutor$Worker.run(ThreadPoolExecutor.java:659)
	at org.apache.tomcat.util.threads.TaskThread$WrappingRunnable.run(TaskThread.java:61)
	at java.lang.Thread.run(Thread.java:750)
24-11-12.11:36:59.260 [main            ] INFO  Application            - Starting Application using Java 1.8.0_412 on DESKTOP-65RJJEF with PID 10156 (D:\workspace\s-pay-mall-zqiusu\s-pay-mall-controller\target\classes started by 24409 in D:\workspace\s-pay-mall-zqiusu)
24-11-12.11:36:59.266 [main            ] INFO  Application            - The following 1 profile is active: "dev"
24-11-12.11:37:01.572 [main            ] INFO  TomcatWebServer        - Tomcat initialized with port(s): 8080 (http)
24-11-12.11:37:01.590 [main            ] INFO  Http11NioProtocol      - Initializing ProtocolHandler ["http-nio-8080"]
24-11-12.11:37:01.591 [main            ] INFO  StandardService        - Starting service [Tomcat]
24-11-12.11:37:01.591 [main            ] INFO  StandardEngine         - Starting Servlet engine: [Apache Tomcat/9.0.75]
24-11-12.11:37:01.976 [main            ] INFO  [/]                    - Initializing Spring embedded WebApplicationContext
24-11-12.11:37:01.976 [main            ] INFO  ServletWebServerApplicationContext - Root WebApplicationContext: initialization completed in 2520 ms
24-11-12.11:37:04.132 [main            ] INFO  Http11NioProtocol      - Starting ProtocolHandler ["http-nio-8080"]
24-11-12.11:37:04.186 [main            ] INFO  TomcatWebServer        - Tomcat started on port(s): 8080 (http) with context path ''
24-11-12.11:37:04.204 [main            ] INFO  Application            - Started Application in 6.44 seconds (JVM running for 8.708)
24-11-12.11:37:09.519 [http-nio-8080-exec-1] INFO  [/]                    - Initializing Spring DispatcherServlet 'dispatcherServlet'
24-11-12.11:37:09.519 [http-nio-8080-exec-1] INFO  DispatcherServlet      - Initializing Servlet 'dispatcherServlet'
24-11-12.11:37:09.520 [http-nio-8080-exec-1] INFO  DispatcherServlet      - Completed initialization in 1 ms
24-11-12.11:43:41.293 [http-nio-8080-exec-8] INFO  WeixinPortalController - 接收微信公众号信息请求omADk6tkNC439hXDMlSgf-3ESlrU开始 <xml><ToUserName><![CDATA[gh_c286e44246ca]]></ToUserName>
<FromUserName><![CDATA[omADk6tkNC439hXDMlSgf-3ESlrU]]></FromUserName>
<CreateTime>1731383020</CreateTime>
<MsgType><![CDATA[text]]></MsgType>
<Content><![CDATA[1]]></Content>
<MsgId>24787442584919686</MsgId>
</xml>
24-11-12.11:43:41.827 [http-nio-8080-exec-8] ERROR WeixinPortalController - 接收微信公众号信息请求omADk6tkNC439hXDMlSgf-3ESlrU失败 <xml><ToUserName><![CDATA[gh_c286e44246ca]]></ToUserName>
<FromUserName><![CDATA[omADk6tkNC439hXDMlSgf-3ESlrU]]></FromUserName>
<CreateTime>1731383020</CreateTime>
<MsgType><![CDATA[text]]></MsgType>
<Content><![CDATA[1]]></Content>
<MsgId>24787442584919686</MsgId>
</xml>
com.thoughtworks.xstream.converters.reflection.AbstractReflectionConverter$UnknownFieldException: No such field org.example.common.weixin.MessageTextEntity.MsgId
---- Debugging information ----
message             : No such field org.example.common.weixin.MessageTextEntity.MsgId
field               : MsgId
class               : org.example.common.weixin.MessageTextEntity
required-type       : org.example.common.weixin.MessageTextEntity
converter-type      : com.thoughtworks.xstream.converters.reflection.ReflectionConverter
version             : 1.4.10
-------------------------------
	at com.thoughtworks.xstream.converters.reflection.AbstractReflectionConverter.handleUnknownField(AbstractReflectionConverter.java:524)
	at com.thoughtworks.xstream.converters.reflection.AbstractReflectionConverter.doUnmarshal(AbstractReflectionConverter.java:375)
	at com.thoughtworks.xstream.converters.reflection.AbstractReflectionConverter.unmarshal(AbstractReflectionConverter.java:281)
	at com.thoughtworks.xstream.core.TreeUnmarshaller.convert(TreeUnmarshaller.java:72)
	at com.thoughtworks.xstream.core.TreeUnmarshaller.convertAnother(TreeUnmarshaller.java:66)
	at com.thoughtworks.xstream.core.TreeUnmarshaller.convertAnother(TreeUnmarshaller.java:50)
	at com.thoughtworks.xstream.core.TreeUnmarshaller.start(TreeUnmarshaller.java:134)
	at com.thoughtworks.xstream.core.AbstractTreeMarshallingStrategy.unmarshal(AbstractTreeMarshallingStrategy.java:32)
	at com.thoughtworks.xstream.XStream.unmarshal(XStream.java:1486)
	at com.thoughtworks.xstream.XStream.unmarshal(XStream.java:1466)
	at com.thoughtworks.xstream.XStream.fromXML(XStream.java:1337)
	at com.thoughtworks.xstream.XStream.fromXML(XStream.java:1328)
	at org.example.common.weixin.XmlUtil.xmlToBean(XmlUtil.java:148)
	at org.example.controller.WeixinPortalController.post(WeixinPortalController.java:67)
	at sun.reflect.NativeMethodAccessorImpl.invoke0(Native Method)
	at sun.reflect.NativeMethodAccessorImpl.invoke(NativeMethodAccessorImpl.java:62)
	at sun.reflect.DelegatingMethodAccessorImpl.invoke(DelegatingMethodAccessorImpl.java:43)
	at java.lang.reflect.Method.invoke(Method.java:498)
	at org.springframework.web.method.support.InvocableHandlerMethod.doInvoke(InvocableHandlerMethod.java:205)
	at org.springframework.web.method.support.InvocableHandlerMethod.invokeForRequest(InvocableHandlerMethod.java:150)
	at org.springframework.web.servlet.mvc.method.annotation.ServletInvocableHandlerMethod.invokeAndHandle(ServletInvocableHandlerMethod.java:117)
	at org.springframework.web.servlet.mvc.method.annotation.RequestMappingHandlerAdapter.invokeHandlerMethod(RequestMappingHandlerAdapter.java:895)
	at org.springframework.web.servlet.mvc.method.annotation.RequestMappingHandlerAdapter.handleInternal(RequestMappingHandlerAdapter.java:808)
	at org.springframework.web.servlet.mvc.method.AbstractHandlerMethodAdapter.handle(AbstractHandlerMethodAdapter.java:87)
	at org.springframework.web.servlet.DispatcherServlet.doDispatch(DispatcherServlet.java:1072)
	at org.springframework.web.servlet.DispatcherServlet.doService(DispatcherServlet.java:965)
	at org.springframework.web.servlet.FrameworkServlet.processRequest(FrameworkServlet.java:1006)
	at org.springframework.web.servlet.FrameworkServlet.doPost(FrameworkServlet.java:909)
	at javax.servlet.http.HttpServlet.service(HttpServlet.java:555)
	at org.springframework.web.servlet.FrameworkServlet.service(FrameworkServlet.java:883)
	at javax.servlet.http.HttpServlet.service(HttpServlet.java:623)
	at org.apache.catalina.core.ApplicationFilterChain.internalDoFilter(ApplicationFilterChain.java:209)
	at org.apache.catalina.core.ApplicationFilterChain.doFilter(ApplicationFilterChain.java:153)
	at org.apache.tomcat.websocket.server.WsFilter.doFilter(WsFilter.java:51)
	at org.apache.catalina.core.ApplicationFilterChain.internalDoFilter(ApplicationFilterChain.java:178)
	at org.apache.catalina.core.ApplicationFilterChain.doFilter(ApplicationFilterChain.java:153)
	at org.springframework.web.filter.RequestContextFilter.doFilterInternal(RequestContextFilter.java:100)
	at org.springframework.web.filter.OncePerRequestFilter.doFilter(OncePerRequestFilter.java:117)
	at org.apache.catalina.core.ApplicationFilterChain.internalDoFilter(ApplicationFilterChain.java:178)
	at org.apache.catalina.core.ApplicationFilterChain.doFilter(ApplicationFilterChain.java:153)
	at org.springframework.web.filter.FormContentFilter.doFilterInternal(FormContentFilter.java:93)
	at org.springframework.web.filter.OncePerRequestFilter.doFilter(OncePerRequestFilter.java:117)
	at org.apache.catalina.core.ApplicationFilterChain.internalDoFilter(ApplicationFilterChain.java:178)
	at org.apache.catalina.core.ApplicationFilterChain.doFilter(ApplicationFilterChain.java:153)
	at org.springframework.web.filter.CharacterEncodingFilter.doFilterInternal(CharacterEncodingFilter.java:201)
	at org.springframework.web.filter.OncePerRequestFilter.doFilter(OncePerRequestFilter.java:117)
	at org.apache.catalina.core.ApplicationFilterChain.internalDoFilter(ApplicationFilterChain.java:178)
	at org.apache.catalina.core.ApplicationFilterChain.doFilter(ApplicationFilterChain.java:153)
	at org.apache.catalina.core.StandardWrapperValve.invoke(StandardWrapperValve.java:167)
	at org.apache.catalina.core.StandardContextValve.invoke(StandardContextValve.java:90)
	at org.apache.catalina.authenticator.AuthenticatorBase.invoke(AuthenticatorBase.java:481)
	at org.apache.catalina.core.StandardHostValve.invoke(StandardHostValve.java:130)
	at org.apache.catalina.valves.ErrorReportValve.invoke(ErrorReportValve.java:93)
	at org.apache.catalina.core.StandardEngineValve.invoke(StandardEngineValve.java:74)
	at org.apache.catalina.connector.CoyoteAdapter.service(CoyoteAdapter.java:343)
	at org.apache.coyote.http11.Http11Processor.service(Http11Processor.java:390)
	at org.apache.coyote.AbstractProcessorLight.process(AbstractProcessorLight.java:63)
	at org.apache.coyote.AbstractProtocol$ConnectionHandler.process(AbstractProtocol.java:926)
	at org.apache.tomcat.util.net.NioEndpoint$SocketProcessor.doRun(NioEndpoint.java:1791)
	at org.apache.tomcat.util.net.SocketProcessorBase.run(SocketProcessorBase.java:52)
	at org.apache.tomcat.util.threads.ThreadPoolExecutor.runWorker(ThreadPoolExecutor.java:1191)
	at org.apache.tomcat.util.threads.ThreadPoolExecutor$Worker.run(ThreadPoolExecutor.java:659)
	at org.apache.tomcat.util.threads.TaskThread$WrappingRunnable.run(TaskThread.java:61)
	at java.lang.Thread.run(Thread.java:750)
24-11-12.11:44:37.331 [main            ] INFO  Application            - Starting Application using Java 1.8.0_412 on DESKTOP-65RJJEF with PID 16276 (D:\workspace\s-pay-mall-zqiusu\s-pay-mall-controller\target\classes started by 24409 in D:\workspace\s-pay-mall-zqiusu)
24-11-12.11:44:37.335 [main            ] INFO  Application            - The following 1 profile is active: "dev"
24-11-12.11:44:38.795 [main            ] INFO  TomcatWebServer        - Tomcat initialized with port(s): 8080 (http)
24-11-12.11:44:38.804 [main            ] INFO  Http11NioProtocol      - Initializing ProtocolHandler ["http-nio-8080"]
24-11-12.11:44:38.805 [main            ] INFO  StandardService        - Starting service [Tomcat]
24-11-12.11:44:38.805 [main            ] INFO  StandardEngine         - Starting Servlet engine: [Apache Tomcat/9.0.75]
24-11-12.11:44:38.967 [main            ] INFO  [/]                    - Initializing Spring embedded WebApplicationContext
24-11-12.11:44:38.967 [main            ] INFO  ServletWebServerApplicationContext - Root WebApplicationContext: initialization completed in 1573 ms
24-11-12.11:44:39.910 [main            ] INFO  Http11NioProtocol      - Starting ProtocolHandler ["http-nio-8080"]
24-11-12.11:44:39.927 [main            ] INFO  TomcatWebServer        - Tomcat started on port(s): 8080 (http) with context path ''
24-11-12.11:44:39.936 [main            ] INFO  Application            - Started Application in 3.285 seconds (JVM running for 4.567)
24-11-12.11:44:42.187 [http-nio-8080-exec-1] INFO  [/]                    - Initializing Spring DispatcherServlet 'dispatcherServlet'
24-11-12.11:44:42.187 [http-nio-8080-exec-1] INFO  DispatcherServlet      - Initializing Servlet 'dispatcherServlet'
24-11-12.11:44:42.188 [http-nio-8080-exec-1] INFO  DispatcherServlet      - Completed initialization in 1 ms
24-11-12.11:44:42.224 [http-nio-8080-exec-1] INFO  WeixinPortalController - 接收微信公众号信息请求omADk6tkNC439hXDMlSgf-3ESlrU开始 <xml><ToUserName><![CDATA[gh_c286e44246ca]]></ToUserName>
<FromUserName><![CDATA[omADk6tkNC439hXDMlSgf-3ESlrU]]></FromUserName>
<CreateTime>1731383081</CreateTime>
<MsgType><![CDATA[text]]></MsgType>
<Content><![CDATA[1]]></Content>
<MsgId>24787443907253474</MsgId>
</xml>
24-11-12.11:50:03.574 [http-nio-8080-exec-1] INFO  LoginController        - 生成微信扫码登录 ticket:gQEy8DwAAAAAAAAAAS5odHRwOi8vd2VpeGluLnFxLmNvbS9xLzAycW9IVjlubzBmQUcxbEh0cU5EMTAAAgRr0DJnAwQAjScA
24-11-12.11:50:17.774 [main            ] INFO  Application            - Starting Application using Java 1.8.0_412 on DESKTOP-65RJJEF with PID 14760 (D:\workspace\s-pay-mall-zqiusu\s-pay-mall-controller\target\classes started by 24409 in D:\workspace\s-pay-mall-zqiusu)
24-11-12.11:50:17.777 [main            ] INFO  Application            - The following 1 profile is active: "dev"
24-11-12.11:50:18.869 [main            ] INFO  TomcatWebServer        - Tomcat initialized with port(s): 8080 (http)
24-11-12.11:50:18.877 [main            ] INFO  Http11NioProtocol      - Initializing ProtocolHandler ["http-nio-8080"]
24-11-12.11:50:18.878 [main            ] INFO  StandardService        - Starting service [Tomcat]
24-11-12.11:50:18.879 [main            ] INFO  StandardEngine         - Starting Servlet engine: [Apache Tomcat/9.0.75]
24-11-12.11:50:18.978 [main            ] INFO  [/]                    - Initializing Spring embedded WebApplicationContext
24-11-12.11:50:18.978 [main            ] INFO  ServletWebServerApplicationContext - Root WebApplicationContext: initialization completed in 1159 ms
24-11-12.11:50:20.061 [main            ] INFO  Http11NioProtocol      - Starting ProtocolHandler ["http-nio-8080"]
24-11-12.11:50:20.081 [main            ] INFO  TomcatWebServer        - Tomcat started on port(s): 8080 (http) with context path ''
24-11-12.11:50:20.092 [main            ] INFO  Application            - Started Application in 3.104 seconds (JVM running for 4.57)
24-11-12.11:50:23.475 [http-nio-8080-exec-1] INFO  [/]                    - Initializing Spring DispatcherServlet 'dispatcherServlet'
24-11-12.11:50:23.476 [http-nio-8080-exec-1] INFO  DispatcherServlet      - Initializing Servlet 'dispatcherServlet'
24-11-12.11:50:23.478 [http-nio-8080-exec-1] INFO  DispatcherServlet      - Completed initialization in 2 ms
24-11-12.11:50:24.897 [http-nio-8080-exec-1] INFO  LoginController        - 生成微信扫码登录 ticket:gQEj8TwAAAAAAAAAAS5odHRwOi8vd2VpeGluLnFxLmNvbS9xLzAydEZwMjhSbzBmQUcxbTB0cXhEMVYAAgSA0DJnAwQAjScA
24-11-12.11:50:36.878 [http-nio-8080-exec-3] INFO  LoginController        - 扫码检测登录结果 ticket:gQEj8TwAAAAAAAAAAS5odHRwOi8vd2VpeGluLnFxLmNvbS9xLzAydEZwMjhSbzBmQUcxbTB0cXhEMVYAAgSA0DJnAwQAjScA openidToken:null
24-11-12.11:50:53.388 [http-nio-8080-exec-4] INFO  WeixinPortalController - 接收微信公众号信息请求omADk6tkNC439hXDMlSgf-3ESlrU开始 <xml><ToUserName><![CDATA[gh_c286e44246ca]]></ToUserName>
<FromUserName><![CDATA[omADk6tkNC439hXDMlSgf-3ESlrU]]></FromUserName>
<CreateTime>1731383453</CreateTime>
<MsgType><![CDATA[event]]></MsgType>
<Event><![CDATA[SCAN]]></Event>
<EventKey><![CDATA[100601]]></EventKey>
<Ticket><![CDATA[gQEj8TwAAAAAAAAAAS5odHRwOi8vd2VpeGluLnFxLmNvbS9xLzAydEZwMjhSbzBmQUcxbTB0cXhEMVYAAgSA0DJnAwQAjScA]]></Ticket>
</xml>
24-11-12.11:50:54.554 [http-nio-8080-exec-6] INFO  WeixinPortalController - 接收微信公众号信息请求omADk6tkNC439hXDMlSgf-3ESlrU开始 <xml><ToUserName><![CDATA[gh_c286e44246ca]]></ToUserName>
<FromUserName><![CDATA[omADk6tkNC439hXDMlSgf-3ESlrU]]></FromUserName>
<CreateTime>1731383454</CreateTime>
<MsgType><![CDATA[event]]></MsgType>
<Event><![CDATA[TEMPLATESENDJOBFINISH]]></Event>
<MsgID>3721038582661054466</MsgID>
<Status><![CDATA[success]]></Status>
</xml>
24-11-12.11:50:54.580 [http-nio-8080-exec-6] ERROR WeixinPortalController - 接收微信公众号信息请求omADk6tkNC439hXDMlSgf-3ESlrU失败 <xml><ToUserName><![CDATA[gh_c286e44246ca]]></ToUserName>
<FromUserName><![CDATA[omADk6tkNC439hXDMlSgf-3ESlrU]]></FromUserName>
<CreateTime>1731383454</CreateTime>
<MsgType><![CDATA[event]]></MsgType>
<Event><![CDATA[TEMPLATESENDJOBFINISH]]></Event>
<MsgID>3721038582661054466</MsgID>
<Status><![CDATA[success]]></Status>
</xml>
com.thoughtworks.xstream.converters.reflection.AbstractReflectionConverter$UnknownFieldException: No such field org.example.common.weixin.MessageTextEntity.MsgID
---- Debugging information ----
message             : No such field org.example.common.weixin.MessageTextEntity.MsgID
field               : MsgID
class               : org.example.common.weixin.MessageTextEntity
required-type       : org.example.common.weixin.MessageTextEntity
converter-type      : com.thoughtworks.xstream.converters.reflection.ReflectionConverter
version             : 1.4.10
-------------------------------
	at com.thoughtworks.xstream.converters.reflection.AbstractReflectionConverter.handleUnknownField(AbstractReflectionConverter.java:524)
	at com.thoughtworks.xstream.converters.reflection.AbstractReflectionConverter.doUnmarshal(AbstractReflectionConverter.java:375)
	at com.thoughtworks.xstream.converters.reflection.AbstractReflectionConverter.unmarshal(AbstractReflectionConverter.java:281)
	at com.thoughtworks.xstream.core.TreeUnmarshaller.convert(TreeUnmarshaller.java:72)
	at com.thoughtworks.xstream.core.TreeUnmarshaller.convertAnother(TreeUnmarshaller.java:66)
	at com.thoughtworks.xstream.core.TreeUnmarshaller.convertAnother(TreeUnmarshaller.java:50)
	at com.thoughtworks.xstream.core.TreeUnmarshaller.start(TreeUnmarshaller.java:134)
	at com.thoughtworks.xstream.core.AbstractTreeMarshallingStrategy.unmarshal(AbstractTreeMarshallingStrategy.java:32)
	at com.thoughtworks.xstream.XStream.unmarshal(XStream.java:1486)
	at com.thoughtworks.xstream.XStream.unmarshal(XStream.java:1466)
	at com.thoughtworks.xstream.XStream.fromXML(XStream.java:1337)
	at com.thoughtworks.xstream.XStream.fromXML(XStream.java:1328)
	at org.example.common.weixin.XmlUtil.xmlToBean(XmlUtil.java:148)
	at org.example.controller.WeixinPortalController.post(WeixinPortalController.java:67)
	at sun.reflect.NativeMethodAccessorImpl.invoke0(Native Method)
	at sun.reflect.NativeMethodAccessorImpl.invoke(NativeMethodAccessorImpl.java:62)
	at sun.reflect.DelegatingMethodAccessorImpl.invoke(DelegatingMethodAccessorImpl.java:43)
	at java.lang.reflect.Method.invoke(Method.java:498)
	at org.springframework.web.method.support.InvocableHandlerMethod.doInvoke(InvocableHandlerMethod.java:205)
	at org.springframework.web.method.support.InvocableHandlerMethod.invokeForRequest(InvocableHandlerMethod.java:150)
	at org.springframework.web.servlet.mvc.method.annotation.ServletInvocableHandlerMethod.invokeAndHandle(ServletInvocableHandlerMethod.java:117)
	at org.springframework.web.servlet.mvc.method.annotation.RequestMappingHandlerAdapter.invokeHandlerMethod(RequestMappingHandlerAdapter.java:895)
	at org.springframework.web.servlet.mvc.method.annotation.RequestMappingHandlerAdapter.handleInternal(RequestMappingHandlerAdapter.java:808)
	at org.springframework.web.servlet.mvc.method.AbstractHandlerMethodAdapter.handle(AbstractHandlerMethodAdapter.java:87)
	at org.springframework.web.servlet.DispatcherServlet.doDispatch(DispatcherServlet.java:1072)
	at org.springframework.web.servlet.DispatcherServlet.doService(DispatcherServlet.java:965)
	at org.springframework.web.servlet.FrameworkServlet.processRequest(FrameworkServlet.java:1006)
	at org.springframework.web.servlet.FrameworkServlet.doPost(FrameworkServlet.java:909)
	at javax.servlet.http.HttpServlet.service(HttpServlet.java:555)
	at org.springframework.web.servlet.FrameworkServlet.service(FrameworkServlet.java:883)
	at javax.servlet.http.HttpServlet.service(HttpServlet.java:623)
	at org.apache.catalina.core.ApplicationFilterChain.internalDoFilter(ApplicationFilterChain.java:209)
	at org.apache.catalina.core.ApplicationFilterChain.doFilter(ApplicationFilterChain.java:153)
	at org.apache.tomcat.websocket.server.WsFilter.doFilter(WsFilter.java:51)
	at org.apache.catalina.core.ApplicationFilterChain.internalDoFilter(ApplicationFilterChain.java:178)
	at org.apache.catalina.core.ApplicationFilterChain.doFilter(ApplicationFilterChain.java:153)
	at org.springframework.web.filter.RequestContextFilter.doFilterInternal(RequestContextFilter.java:100)
	at org.springframework.web.filter.OncePerRequestFilter.doFilter(OncePerRequestFilter.java:117)
	at org.apache.catalina.core.ApplicationFilterChain.internalDoFilter(ApplicationFilterChain.java:178)
	at org.apache.catalina.core.ApplicationFilterChain.doFilter(ApplicationFilterChain.java:153)
	at org.springframework.web.filter.FormContentFilter.doFilterInternal(FormContentFilter.java:93)
	at org.springframework.web.filter.OncePerRequestFilter.doFilter(OncePerRequestFilter.java:117)
	at org.apache.catalina.core.ApplicationFilterChain.internalDoFilter(ApplicationFilterChain.java:178)
	at org.apache.catalina.core.ApplicationFilterChain.doFilter(ApplicationFilterChain.java:153)
	at org.springframework.web.filter.CharacterEncodingFilter.doFilterInternal(CharacterEncodingFilter.java:201)
	at org.springframework.web.filter.OncePerRequestFilter.doFilter(OncePerRequestFilter.java:117)
	at org.apache.catalina.core.ApplicationFilterChain.internalDoFilter(ApplicationFilterChain.java:178)
	at org.apache.catalina.core.ApplicationFilterChain.doFilter(ApplicationFilterChain.java:153)
	at org.apache.catalina.core.StandardWrapperValve.invoke(StandardWrapperValve.java:167)
	at org.apache.catalina.core.StandardContextValve.invoke(StandardContextValve.java:90)
	at org.apache.catalina.authenticator.AuthenticatorBase.invoke(AuthenticatorBase.java:481)
	at org.apache.catalina.core.StandardHostValve.invoke(StandardHostValve.java:130)
	at org.apache.catalina.valves.ErrorReportValve.invoke(ErrorReportValve.java:93)
	at org.apache.catalina.core.StandardEngineValve.invoke(StandardEngineValve.java:74)
	at org.apache.catalina.connector.CoyoteAdapter.service(CoyoteAdapter.java:343)
	at org.apache.coyote.http11.Http11Processor.service(Http11Processor.java:390)
	at org.apache.coyote.AbstractProcessorLight.process(AbstractProcessorLight.java:63)
	at org.apache.coyote.AbstractProtocol$ConnectionHandler.process(AbstractProtocol.java:926)
	at org.apache.tomcat.util.net.NioEndpoint$SocketProcessor.doRun(NioEndpoint.java:1791)
	at org.apache.tomcat.util.net.SocketProcessorBase.run(SocketProcessorBase.java:52)
	at org.apache.tomcat.util.threads.ThreadPoolExecutor.runWorker(ThreadPoolExecutor.java:1191)
	at org.apache.tomcat.util.threads.ThreadPoolExecutor$Worker.run(ThreadPoolExecutor.java:659)
	at org.apache.tomcat.util.threads.TaskThread$WrappingRunnable.run(TaskThread.java:61)
	at java.lang.Thread.run(Thread.java:750)
24-11-12.11:50:58.995 [http-nio-8080-exec-8] INFO  LoginController        - 扫码检测登录结果 ticket:gQEj8TwAAAAAAAAAAS5odHRwOi8vd2VpeGluLnFxLmNvbS9xLzAydEZwMjhSbzBmQUcxbTB0cXhEMVYAAgSA0DJnAwQAjScA openidToken:omADk6tkNC439hXDMlSgf-3ESlrU
24-11-12.11:52:13.801 [main            ] INFO  Application            - Starting Application using Java 1.8.0_412 on DESKTOP-65RJJEF with PID 17908 (D:\workspace\s-pay-mall-zqiusu\s-pay-mall-controller\target\classes started by 24409 in D:\workspace\s-pay-mall-zqiusu)
24-11-12.11:52:13.804 [main            ] INFO  Application            - The following 1 profile is active: "dev"
24-11-12.11:52:14.808 [main            ] INFO  TomcatWebServer        - Tomcat initialized with port(s): 8080 (http)
24-11-12.11:52:14.816 [main            ] INFO  Http11NioProtocol      - Initializing ProtocolHandler ["http-nio-8080"]
24-11-12.11:52:14.816 [main            ] INFO  StandardService        - Starting service [Tomcat]
24-11-12.11:52:14.816 [main            ] INFO  StandardEngine         - Starting Servlet engine: [Apache Tomcat/9.0.75]
24-11-12.11:52:14.936 [main            ] INFO  [/]                    - Initializing Spring embedded WebApplicationContext
24-11-12.11:52:14.937 [main            ] INFO  ServletWebServerApplicationContext - Root WebApplicationContext: initialization completed in 1087 ms
24-11-12.11:52:15.760 [main            ] INFO  Http11NioProtocol      - Starting ProtocolHandler ["http-nio-8080"]
24-11-12.11:52:15.781 [main            ] INFO  TomcatWebServer        - Tomcat started on port(s): 8080 (http) with context path ''
24-11-12.11:52:15.792 [main            ] INFO  Application            - Started Application in 2.63 seconds (JVM running for 3.944)
24-11-12.11:52:27.398 [http-nio-8080-exec-1] INFO  [/]                    - Initializing Spring DispatcherServlet 'dispatcherServlet'
24-11-12.11:52:27.398 [http-nio-8080-exec-1] INFO  DispatcherServlet      - Initializing Servlet 'dispatcherServlet'
24-11-12.11:52:27.399 [http-nio-8080-exec-1] INFO  DispatcherServlet      - Completed initialization in 1 ms
24-11-12.11:52:27.439 [http-nio-8080-exec-1] INFO  WeixinPortalController - 接收微信公众号信息请求omADk6tkNC439hXDMlSgf-3ESlrU开始 <xml><ToUserName><![CDATA[gh_c286e44246ca]]></ToUserName>
<FromUserName><![CDATA[omADk6tkNC439hXDMlSgf-3ESlrU]]></FromUserName>
<CreateTime>1731383547</CreateTime>
<MsgType><![CDATA[event]]></MsgType>
<Event><![CDATA[SCAN]]></Event>
<EventKey><![CDATA[100601]]></EventKey>
<Ticket><![CDATA[gQEj8TwAAAAAAAAAAS5odHRwOi8vd2VpeGluLnFxLmNvbS9xLzAydEZwMjhSbzBmQUcxbTB0cXhEMVYAAgSA0DJnAwQAjScA]]></Ticket>
</xml>
24-11-12.11:52:29.000 [http-nio-8080-exec-3] INFO  WeixinPortalController - 接收微信公众号信息请求omADk6tkNC439hXDMlSgf-3ESlrU开始 <xml><ToUserName><![CDATA[gh_c286e44246ca]]></ToUserName>
<FromUserName><![CDATA[omADk6tkNC439hXDMlSgf-3ESlrU]]></FromUserName>
<CreateTime>1731383548</CreateTime>
<MsgType><![CDATA[event]]></MsgType>
<Event><![CDATA[TEMPLATESENDJOBFINISH]]></Event>
<MsgID>3721040168191852555</MsgID>
<Status><![CDATA[success]]></Status>
</xml>
24-11-12.11:52:48.889 [http-nio-8080-exec-6] INFO  LoginController        - 扫码检测登录结果 ticket:gQEj8TwAAAAAAAAAAS5odHRwOi8vd2VpeGluLnFxLmNvbS9xLzAydEZwMjhSbzBmQUcxbTB0cXhEMVYAAgSA0DJnAwQAjScA openidToken:omADk6tkNC439hXDMlSgf-3ESlrU
24-11-12.11:53:02.984 [http-nio-8080-exec-7] INFO  LoginController        - 生成微信扫码登录 ticket:gQGD8DwAAAAAAAAAAS5odHRwOi8vd2VpeGluLnFxLmNvbS9xLzAyYy1JbTl6bzBmQUcxa3V1cTFEMUcAAgQe0TJnAwQAjScA
24-11-12.16:56:56.779 [main            ] INFO  Application            - Starting Application using Java 1.8.0_412 on DESKTOP-65RJJEF with PID 31920 (D:\workspace\s-pay-mall-zqiusu\s-pay-mall-controller\target\classes started by 24409 in D:\workspace\s-pay-mall-zqiusu)
24-11-12.16:56:56.812 [main            ] INFO  Application            - The following 1 profile is active: "dev"
24-11-12.16:57:02.363 [main            ] INFO  TomcatWebServer        - Tomcat initialized with port(s): 8080 (http)
24-11-12.16:57:02.385 [main            ] INFO  Http11NioProtocol      - Initializing ProtocolHandler ["http-nio-8080"]
24-11-12.16:57:02.387 [main            ] INFO  StandardService        - Starting service [Tomcat]
24-11-12.16:57:02.387 [main            ] INFO  StandardEngine         - Starting Servlet engine: [Apache Tomcat/9.0.75]
24-11-12.16:57:02.843 [main            ] INFO  [/]                    - Initializing Spring embedded WebApplicationContext
24-11-12.16:57:02.843 [main            ] INFO  ServletWebServerApplicationContext - Root WebApplicationContext: initialization completed in 5790 ms
24-11-12.16:57:05.073 [main            ] INFO  Http11NioProtocol      - Starting ProtocolHandler ["http-nio-8080"]
24-11-12.16:57:05.157 [main            ] INFO  TomcatWebServer        - Tomcat started on port(s): 8080 (http) with context path ''
24-11-12.16:57:05.193 [main            ] INFO  Application            - Started Application in 12.146 seconds (JVM running for 15.677)
24-11-12.16:57:26.052 [http-nio-8080-exec-1] INFO  [/]                    - Initializing Spring DispatcherServlet 'dispatcherServlet'
24-11-12.16:57:26.053 [http-nio-8080-exec-1] INFO  DispatcherServlet      - Initializing Servlet 'dispatcherServlet'
24-11-12.16:57:26.054 [http-nio-8080-exec-1] INFO  DispatcherServlet      - Completed initialization in 1 ms
24-11-12.16:57:27.260 [http-nio-8080-exec-1] ERROR LoginController        - 生成微信扫码登录 ticket 失败
java.lang.NullPointerException: null
	at com.google.common.base.Preconditions.checkNotNull(Preconditions.java:903)
	at com.google.common.cache.LocalCache.put(LocalCache.java:4250)
	at com.google.common.cache.LocalCache$LocalManualCache.put(LocalCache.java:4950)
	at org.example.service.impl.WeixinLoginServiceImpl.createQrCodeTicket(WeixinLoginServiceImpl.java:47)
	at org.example.controller.LoginController.weixinQrCodeTicket(LoginController.java:34)
	at sun.reflect.NativeMethodAccessorImpl.invoke0(Native Method)
	at sun.reflect.NativeMethodAccessorImpl.invoke(NativeMethodAccessorImpl.java:62)
	at sun.reflect.DelegatingMethodAccessorImpl.invoke(DelegatingMethodAccessorImpl.java:43)
	at java.lang.reflect.Method.invoke(Method.java:498)
	at org.springframework.web.method.support.InvocableHandlerMethod.doInvoke(InvocableHandlerMethod.java:205)
	at org.springframework.web.method.support.InvocableHandlerMethod.invokeForRequest(InvocableHandlerMethod.java:150)
	at org.springframework.web.servlet.mvc.method.annotation.ServletInvocableHandlerMethod.invokeAndHandle(ServletInvocableHandlerMethod.java:117)
	at org.springframework.web.servlet.mvc.method.annotation.RequestMappingHandlerAdapter.invokeHandlerMethod(RequestMappingHandlerAdapter.java:895)
	at org.springframework.web.servlet.mvc.method.annotation.RequestMappingHandlerAdapter.handleInternal(RequestMappingHandlerAdapter.java:808)
	at org.springframework.web.servlet.mvc.method.AbstractHandlerMethodAdapter.handle(AbstractHandlerMethodAdapter.java:87)
	at org.springframework.web.servlet.DispatcherServlet.doDispatch(DispatcherServlet.java:1072)
	at org.springframework.web.servlet.DispatcherServlet.doService(DispatcherServlet.java:965)
	at org.springframework.web.servlet.FrameworkServlet.processRequest(FrameworkServlet.java:1006)
	at org.springframework.web.servlet.FrameworkServlet.doGet(FrameworkServlet.java:898)
	at javax.servlet.http.HttpServlet.service(HttpServlet.java:529)
	at org.springframework.web.servlet.FrameworkServlet.service(FrameworkServlet.java:883)
	at javax.servlet.http.HttpServlet.service(HttpServlet.java:623)
	at org.apache.catalina.core.ApplicationFilterChain.internalDoFilter(ApplicationFilterChain.java:209)
	at org.apache.catalina.core.ApplicationFilterChain.doFilter(ApplicationFilterChain.java:153)
	at org.apache.tomcat.websocket.server.WsFilter.doFilter(WsFilter.java:51)
	at org.apache.catalina.core.ApplicationFilterChain.internalDoFilter(ApplicationFilterChain.java:178)
	at org.apache.catalina.core.ApplicationFilterChain.doFilter(ApplicationFilterChain.java:153)
	at org.springframework.web.filter.RequestContextFilter.doFilterInternal(RequestContextFilter.java:100)
	at org.springframework.web.filter.OncePerRequestFilter.doFilter(OncePerRequestFilter.java:117)
	at org.apache.catalina.core.ApplicationFilterChain.internalDoFilter(ApplicationFilterChain.java:178)
	at org.apache.catalina.core.ApplicationFilterChain.doFilter(ApplicationFilterChain.java:153)
	at org.springframework.web.filter.FormContentFilter.doFilterInternal(FormContentFilter.java:93)
	at org.springframework.web.filter.OncePerRequestFilter.doFilter(OncePerRequestFilter.java:117)
	at org.apache.catalina.core.ApplicationFilterChain.internalDoFilter(ApplicationFilterChain.java:178)
	at org.apache.catalina.core.ApplicationFilterChain.doFilter(ApplicationFilterChain.java:153)
	at org.springframework.web.filter.CharacterEncodingFilter.doFilterInternal(CharacterEncodingFilter.java:201)
	at org.springframework.web.filter.OncePerRequestFilter.doFilter(OncePerRequestFilter.java:117)
	at org.apache.catalina.core.ApplicationFilterChain.internalDoFilter(ApplicationFilterChain.java:178)
	at org.apache.catalina.core.ApplicationFilterChain.doFilter(ApplicationFilterChain.java:153)
	at org.apache.catalina.core.StandardWrapperValve.invoke(StandardWrapperValve.java:167)
	at org.apache.catalina.core.StandardContextValve.invoke(StandardContextValve.java:90)
	at org.apache.catalina.authenticator.AuthenticatorBase.invoke(AuthenticatorBase.java:481)
	at org.apache.catalina.core.StandardHostValve.invoke(StandardHostValve.java:130)
	at org.apache.catalina.valves.ErrorReportValve.invoke(ErrorReportValve.java:93)
	at org.apache.catalina.core.StandardEngineValve.invoke(StandardEngineValve.java:74)
	at org.apache.catalina.connector.CoyoteAdapter.service(CoyoteAdapter.java:343)
	at org.apache.coyote.http11.Http11Processor.service(Http11Processor.java:390)
	at org.apache.coyote.AbstractProcessorLight.process(AbstractProcessorLight.java:63)
	at org.apache.coyote.AbstractProtocol$ConnectionHandler.process(AbstractProtocol.java:926)
	at org.apache.tomcat.util.net.NioEndpoint$SocketProcessor.doRun(NioEndpoint.java:1791)
	at org.apache.tomcat.util.net.SocketProcessorBase.run(SocketProcessorBase.java:52)
	at org.apache.tomcat.util.threads.ThreadPoolExecutor.runWorker(ThreadPoolExecutor.java:1191)
	at org.apache.tomcat.util.threads.ThreadPoolExecutor$Worker.run(ThreadPoolExecutor.java:659)
	at org.apache.tomcat.util.threads.TaskThread$WrappingRunnable.run(TaskThread.java:61)
	at java.lang.Thread.run(Thread.java:750)
24-11-12.16:59:33.042 [main            ] INFO  Application            - Starting Application using Java 1.8.0_412 on DESKTOP-65RJJEF with PID 18116 (D:\workspace\s-pay-mall-zqiusu\s-pay-mall-controller\target\classes started by 24409 in D:\workspace\s-pay-mall-zqiusu)
24-11-12.16:59:33.052 [main            ] INFO  Application            - The following 1 profile is active: "dev"
24-11-12.16:59:35.320 [main            ] INFO  TomcatWebServer        - Tomcat initialized with port(s): 8080 (http)
24-11-12.16:59:35.341 [main            ] INFO  Http11NioProtocol      - Initializing ProtocolHandler ["http-nio-8080"]
24-11-12.16:59:35.342 [main            ] INFO  StandardService        - Starting service [Tomcat]
24-11-12.16:59:35.342 [main            ] INFO  StandardEngine         - Starting Servlet engine: [Apache Tomcat/9.0.75]
24-11-12.16:59:35.651 [main            ] INFO  [/]                    - Initializing Spring embedded WebApplicationContext
24-11-12.16:59:35.651 [main            ] INFO  ServletWebServerApplicationContext - Root WebApplicationContext: initialization completed in 2488 ms
24-11-12.16:59:38.005 [main            ] INFO  Http11NioProtocol      - Starting ProtocolHandler ["http-nio-8080"]
24-11-12.16:59:38.133 [main            ] INFO  TomcatWebServer        - Tomcat started on port(s): 8080 (http) with context path ''
24-11-12.16:59:38.186 [main            ] INFO  Application            - Started Application in 6.365 seconds (JVM running for 8.814)
24-11-12.17:00:01.438 [http-nio-8080-exec-2] INFO  [/]                    - Initializing Spring DispatcherServlet 'dispatcherServlet'
24-11-12.17:00:01.439 [http-nio-8080-exec-2] INFO  DispatcherServlet      - Initializing Servlet 'dispatcherServlet'
24-11-12.17:00:01.440 [http-nio-8080-exec-2] INFO  DispatcherServlet      - Completed initialization in 1 ms
24-11-12.17:00:05.650 [http-nio-8080-exec-2] ERROR LoginController        - 生成微信扫码登录 ticket 失败
java.lang.NullPointerException: null
	at com.google.common.base.Preconditions.checkNotNull(Preconditions.java:903)
	at com.google.common.cache.LocalCache.put(LocalCache.java:4250)
	at com.google.common.cache.LocalCache$LocalManualCache.put(LocalCache.java:4950)
	at org.example.service.impl.WeixinLoginServiceImpl.createQrCodeTicket(WeixinLoginServiceImpl.java:48)
	at org.example.controller.LoginController.weixinQrCodeTicket(LoginController.java:34)
	at sun.reflect.NativeMethodAccessorImpl.invoke0(Native Method)
	at sun.reflect.NativeMethodAccessorImpl.invoke(NativeMethodAccessorImpl.java:62)
	at sun.reflect.DelegatingMethodAccessorImpl.invoke(DelegatingMethodAccessorImpl.java:43)
	at java.lang.reflect.Method.invoke(Method.java:498)
	at org.springframework.web.method.support.InvocableHandlerMethod.doInvoke(InvocableHandlerMethod.java:205)
	at org.springframework.web.method.support.InvocableHandlerMethod.invokeForRequest(InvocableHandlerMethod.java:150)
	at org.springframework.web.servlet.mvc.method.annotation.ServletInvocableHandlerMethod.invokeAndHandle(ServletInvocableHandlerMethod.java:117)
	at org.springframework.web.servlet.mvc.method.annotation.RequestMappingHandlerAdapter.invokeHandlerMethod(RequestMappingHandlerAdapter.java:895)
	at org.springframework.web.servlet.mvc.method.annotation.RequestMappingHandlerAdapter.handleInternal(RequestMappingHandlerAdapter.java:808)
	at org.springframework.web.servlet.mvc.method.AbstractHandlerMethodAdapter.handle(AbstractHandlerMethodAdapter.java:87)
	at org.springframework.web.servlet.DispatcherServlet.doDispatch(DispatcherServlet.java:1072)
	at org.springframework.web.servlet.DispatcherServlet.doService(DispatcherServlet.java:965)
	at org.springframework.web.servlet.FrameworkServlet.processRequest(FrameworkServlet.java:1006)
	at org.springframework.web.servlet.FrameworkServlet.doGet(FrameworkServlet.java:898)
	at javax.servlet.http.HttpServlet.service(HttpServlet.java:529)
	at org.springframework.web.servlet.FrameworkServlet.service(FrameworkServlet.java:883)
	at javax.servlet.http.HttpServlet.service(HttpServlet.java:623)
	at org.apache.catalina.core.ApplicationFilterChain.internalDoFilter(ApplicationFilterChain.java:209)
	at org.apache.catalina.core.ApplicationFilterChain.doFilter(ApplicationFilterChain.java:153)
	at org.apache.tomcat.websocket.server.WsFilter.doFilter(WsFilter.java:51)
	at org.apache.catalina.core.ApplicationFilterChain.internalDoFilter(ApplicationFilterChain.java:178)
	at org.apache.catalina.core.ApplicationFilterChain.doFilter(ApplicationFilterChain.java:153)
	at org.springframework.web.filter.RequestContextFilter.doFilterInternal(RequestContextFilter.java:100)
	at org.springframework.web.filter.OncePerRequestFilter.doFilter(OncePerRequestFilter.java:117)
	at org.apache.catalina.core.ApplicationFilterChain.internalDoFilter(ApplicationFilterChain.java:178)
	at org.apache.catalina.core.ApplicationFilterChain.doFilter(ApplicationFilterChain.java:153)
	at org.springframework.web.filter.FormContentFilter.doFilterInternal(FormContentFilter.java:93)
	at org.springframework.web.filter.OncePerRequestFilter.doFilter(OncePerRequestFilter.java:117)
	at org.apache.catalina.core.ApplicationFilterChain.internalDoFilter(ApplicationFilterChain.java:178)
	at org.apache.catalina.core.ApplicationFilterChain.doFilter(ApplicationFilterChain.java:153)
	at org.springframework.web.filter.CharacterEncodingFilter.doFilterInternal(CharacterEncodingFilter.java:201)
	at org.springframework.web.filter.OncePerRequestFilter.doFilter(OncePerRequestFilter.java:117)
	at org.apache.catalina.core.ApplicationFilterChain.internalDoFilter(ApplicationFilterChain.java:178)
	at org.apache.catalina.core.ApplicationFilterChain.doFilter(ApplicationFilterChain.java:153)
	at org.apache.catalina.core.StandardWrapperValve.invoke(StandardWrapperValve.java:167)
	at org.apache.catalina.core.StandardContextValve.invoke(StandardContextValve.java:90)
	at org.apache.catalina.authenticator.AuthenticatorBase.invoke(AuthenticatorBase.java:481)
	at org.apache.catalina.core.StandardHostValve.invoke(StandardHostValve.java:130)
	at org.apache.catalina.valves.ErrorReportValve.invoke(ErrorReportValve.java:93)
	at org.apache.catalina.core.StandardEngineValve.invoke(StandardEngineValve.java:74)
	at org.apache.catalina.connector.CoyoteAdapter.service(CoyoteAdapter.java:343)
	at org.apache.coyote.http11.Http11Processor.service(Http11Processor.java:390)
	at org.apache.coyote.AbstractProcessorLight.process(AbstractProcessorLight.java:63)
	at org.apache.coyote.AbstractProtocol$ConnectionHandler.process(AbstractProtocol.java:926)
	at org.apache.tomcat.util.net.NioEndpoint$SocketProcessor.doRun(NioEndpoint.java:1791)
	at org.apache.tomcat.util.net.SocketProcessorBase.run(SocketProcessorBase.java:52)
	at org.apache.tomcat.util.threads.ThreadPoolExecutor.runWorker(ThreadPoolExecutor.java:1191)
	at org.apache.tomcat.util.threads.ThreadPoolExecutor$Worker.run(ThreadPoolExecutor.java:659)
	at org.apache.tomcat.util.threads.TaskThread$WrappingRunnable.run(TaskThread.java:61)
	at java.lang.Thread.run(Thread.java:750)
24-11-12.17:01:27.712 [main            ] INFO  Application            - Starting Application using Java 1.8.0_412 on DESKTOP-65RJJEF with PID 8856 (D:\workspace\s-pay-mall-zqiusu\s-pay-mall-controller\target\classes started by 24409 in D:\workspace\s-pay-mall-zqiusu)
24-11-12.17:01:27.714 [main            ] INFO  Application            - The following 1 profile is active: "dev"
24-11-12.17:01:29.758 [main            ] INFO  TomcatWebServer        - Tomcat initialized with port(s): 8080 (http)
24-11-12.17:01:29.768 [main            ] INFO  Http11NioProtocol      - Initializing ProtocolHandler ["http-nio-8080"]
24-11-12.17:01:29.769 [main            ] INFO  StandardService        - Starting service [Tomcat]
24-11-12.17:01:29.769 [main            ] INFO  StandardEngine         - Starting Servlet engine: [Apache Tomcat/9.0.75]
24-11-12.17:01:29.916 [main            ] INFO  [/]                    - Initializing Spring embedded WebApplicationContext
24-11-12.17:01:29.917 [main            ] INFO  ServletWebServerApplicationContext - Root WebApplicationContext: initialization completed in 2129 ms
24-11-12.17:01:31.236 [main            ] INFO  Http11NioProtocol      - Starting ProtocolHandler ["http-nio-8080"]
24-11-12.17:01:31.255 [main            ] INFO  TomcatWebServer        - Tomcat started on port(s): 8080 (http) with context path ''
24-11-12.17:01:31.263 [main            ] INFO  Application            - Started Application in 4.545 seconds (JVM running for 6.479)
24-11-12.17:01:38.066 [http-nio-8080-exec-2] INFO  [/]                    - Initializing Spring DispatcherServlet 'dispatcherServlet'
24-11-12.17:01:38.067 [http-nio-8080-exec-2] INFO  DispatcherServlet      - Initializing Servlet 'dispatcherServlet'
24-11-12.17:01:38.068 [http-nio-8080-exec-2] INFO  DispatcherServlet      - Completed initialization in 1 ms
24-11-12.17:01:38.682 [http-nio-8080-exec-2] ERROR LoginController        - 生成微信扫码登录 ticket 失败
java.lang.NullPointerException: null
	at com.google.common.base.Preconditions.checkNotNull(Preconditions.java:903)
	at com.google.common.cache.LocalCache.put(LocalCache.java:4250)
	at com.google.common.cache.LocalCache$LocalManualCache.put(LocalCache.java:4950)
	at org.example.service.impl.WeixinLoginServiceImpl.createQrCodeTicket(WeixinLoginServiceImpl.java:48)
	at org.example.controller.LoginController.weixinQrCodeTicket(LoginController.java:34)
	at sun.reflect.NativeMethodAccessorImpl.invoke0(Native Method)
	at sun.reflect.NativeMethodAccessorImpl.invoke(NativeMethodAccessorImpl.java:62)
	at sun.reflect.DelegatingMethodAccessorImpl.invoke(DelegatingMethodAccessorImpl.java:43)
	at java.lang.reflect.Method.invoke(Method.java:498)
	at org.springframework.web.method.support.InvocableHandlerMethod.doInvoke(InvocableHandlerMethod.java:205)
	at org.springframework.web.method.support.InvocableHandlerMethod.invokeForRequest(InvocableHandlerMethod.java:150)
	at org.springframework.web.servlet.mvc.method.annotation.ServletInvocableHandlerMethod.invokeAndHandle(ServletInvocableHandlerMethod.java:117)
	at org.springframework.web.servlet.mvc.method.annotation.RequestMappingHandlerAdapter.invokeHandlerMethod(RequestMappingHandlerAdapter.java:895)
	at org.springframework.web.servlet.mvc.method.annotation.RequestMappingHandlerAdapter.handleInternal(RequestMappingHandlerAdapter.java:808)
	at org.springframework.web.servlet.mvc.method.AbstractHandlerMethodAdapter.handle(AbstractHandlerMethodAdapter.java:87)
	at org.springframework.web.servlet.DispatcherServlet.doDispatch(DispatcherServlet.java:1072)
	at org.springframework.web.servlet.DispatcherServlet.doService(DispatcherServlet.java:965)
	at org.springframework.web.servlet.FrameworkServlet.processRequest(FrameworkServlet.java:1006)
	at org.springframework.web.servlet.FrameworkServlet.doGet(FrameworkServlet.java:898)
	at javax.servlet.http.HttpServlet.service(HttpServlet.java:529)
	at org.springframework.web.servlet.FrameworkServlet.service(FrameworkServlet.java:883)
	at javax.servlet.http.HttpServlet.service(HttpServlet.java:623)
	at org.apache.catalina.core.ApplicationFilterChain.internalDoFilter(ApplicationFilterChain.java:209)
	at org.apache.catalina.core.ApplicationFilterChain.doFilter(ApplicationFilterChain.java:153)
	at org.apache.tomcat.websocket.server.WsFilter.doFilter(WsFilter.java:51)
	at org.apache.catalina.core.ApplicationFilterChain.internalDoFilter(ApplicationFilterChain.java:178)
	at org.apache.catalina.core.ApplicationFilterChain.doFilter(ApplicationFilterChain.java:153)
	at org.springframework.web.filter.RequestContextFilter.doFilterInternal(RequestContextFilter.java:100)
	at org.springframework.web.filter.OncePerRequestFilter.doFilter(OncePerRequestFilter.java:117)
	at org.apache.catalina.core.ApplicationFilterChain.internalDoFilter(ApplicationFilterChain.java:178)
	at org.apache.catalina.core.ApplicationFilterChain.doFilter(ApplicationFilterChain.java:153)
	at org.springframework.web.filter.FormContentFilter.doFilterInternal(FormContentFilter.java:93)
	at org.springframework.web.filter.OncePerRequestFilter.doFilter(OncePerRequestFilter.java:117)
	at org.apache.catalina.core.ApplicationFilterChain.internalDoFilter(ApplicationFilterChain.java:178)
	at org.apache.catalina.core.ApplicationFilterChain.doFilter(ApplicationFilterChain.java:153)
	at org.springframework.web.filter.CharacterEncodingFilter.doFilterInternal(CharacterEncodingFilter.java:201)
	at org.springframework.web.filter.OncePerRequestFilter.doFilter(OncePerRequestFilter.java:117)
	at org.apache.catalina.core.ApplicationFilterChain.internalDoFilter(ApplicationFilterChain.java:178)
	at org.apache.catalina.core.ApplicationFilterChain.doFilter(ApplicationFilterChain.java:153)
	at org.apache.catalina.core.StandardWrapperValve.invoke(StandardWrapperValve.java:167)
	at org.apache.catalina.core.StandardContextValve.invoke(StandardContextValve.java:90)
	at org.apache.catalina.authenticator.AuthenticatorBase.invoke(AuthenticatorBase.java:481)
	at org.apache.catalina.core.StandardHostValve.invoke(StandardHostValve.java:130)
	at org.apache.catalina.valves.ErrorReportValve.invoke(ErrorReportValve.java:93)
	at org.apache.catalina.core.StandardEngineValve.invoke(StandardEngineValve.java:74)
	at org.apache.catalina.connector.CoyoteAdapter.service(CoyoteAdapter.java:343)
	at org.apache.coyote.http11.Http11Processor.service(Http11Processor.java:390)
	at org.apache.coyote.AbstractProcessorLight.process(AbstractProcessorLight.java:63)
	at org.apache.coyote.AbstractProtocol$ConnectionHandler.process(AbstractProtocol.java:926)
	at org.apache.tomcat.util.net.NioEndpoint$SocketProcessor.doRun(NioEndpoint.java:1791)
	at org.apache.tomcat.util.net.SocketProcessorBase.run(SocketProcessorBase.java:52)
	at org.apache.tomcat.util.threads.ThreadPoolExecutor.runWorker(ThreadPoolExecutor.java:1191)
	at org.apache.tomcat.util.threads.ThreadPoolExecutor$Worker.run(ThreadPoolExecutor.java:659)
	at org.apache.tomcat.util.threads.TaskThread$WrappingRunnable.run(TaskThread.java:61)
	at java.lang.Thread.run(Thread.java:750)
