24-10-18.10:52:53.202 [main            ] INFO  Application            - Starting Application using Java 1.8.0_412 on DESKTOP-65RJJEF with PID 1460 (D:\workspace\s-pay-mall-zqiusu\s-pay-mall-controller\target\classes started by 24409 in D:\workspace\s-pay-mall-zqiusu)
24-10-18.10:52:53.204 [main            ] INFO  Application            - The following 1 profile is active: "prod"
24-10-18.10:52:54.285 [main            ] WARN  ClassPathMapperScanner - No MyBatis mapper was found in '[org.example]' package. Please check your configuration.
24-10-18.10:52:54.988 [main            ] INFO  TomcatWebServer        - Tomcat initialized with port(s): 8080 (http)
24-10-18.10:52:55.001 [main            ] INFO  Http11NioProtocol      - Initializing ProtocolHandler ["http-nio-8080"]
24-10-18.10:52:55.002 [main            ] INFO  StandardService        - Starting service [Tomcat]
24-10-18.10:52:55.002 [main            ] INFO  StandardEngine         - Starting Servlet engine: [Apache Tomcat/9.0.75]
24-10-18.10:52:55.274 [main            ] INFO  [/]                    - Initializing Spring embedded WebApplicationContext
24-10-18.10:52:55.274 [main            ] INFO  ServletWebServerApplicationContext - Root WebApplicationContext: initialization completed in 2029 ms
24-10-18.10:52:55.590 [main            ] WARN  AnnotationConfigServletWebServerApplicationContext - Exception encountered during context initialization - cancelling refresh attempt: org.springframework.beans.factory.BeanCreationException: Error creating bean with name 'dataSource' defined in class path resource [org/springframework/boot/autoconfigure/jdbc/DataSourceConfiguration$Hikari.class]: Bean instantiation via factory method failed; nested exception is org.springframework.beans.BeanInstantiationException: Failed to instantiate [com.zaxxer.hikari.HikariDataSource]: Factory method 'dataSource' threw exception; nested exception is java.lang.IllegalStateException: Cannot load driver class: com.mysql.cj.jdbc.Driver
24-10-18.10:52:55.593 [main            ] INFO  StandardService        - Stopping service [Tomcat]
24-10-18.10:52:55.602 [main            ] INFO  ConditionEvaluationReportLoggingListener - 

Error starting ApplicationContext. To display the conditions report re-run your application with 'debug' enabled.
24-10-18.10:52:55.647 [main            ] ERROR SpringApplication      - Application run failed
org.springframework.beans.factory.BeanCreationException: Error creating bean with name 'dataSource' defined in class path resource [org/springframework/boot/autoconfigure/jdbc/DataSourceConfiguration$Hikari.class]: Bean instantiation via factory method failed; nested exception is org.springframework.beans.BeanInstantiationException: Failed to instantiate [com.zaxxer.hikari.HikariDataSource]: Factory method 'dataSource' threw exception; nested exception is java.lang.IllegalStateException: Cannot load driver class: com.mysql.cj.jdbc.Driver
	at org.springframework.beans.factory.support.ConstructorResolver.instantiate(ConstructorResolver.java:658)
	at org.springframework.beans.factory.support.ConstructorResolver.instantiateUsingFactoryMethod(ConstructorResolver.java:638)
	at org.springframework.beans.factory.support.AbstractAutowireCapableBeanFactory.instantiateUsingFactoryMethod(AbstractAutowireCapableBeanFactory.java:1352)
	at org.springframework.beans.factory.support.AbstractAutowireCapableBeanFactory.createBeanInstance(AbstractAutowireCapableBeanFactory.java:1195)
	at org.springframework.beans.factory.support.AbstractAutowireCapableBeanFactory.doCreateBean(AbstractAutowireCapableBeanFactory.java:582)
	at org.springframework.beans.factory.support.AbstractAutowireCapableBeanFactory.createBean(AbstractAutowireCapableBeanFactory.java:542)
	at org.springframework.beans.factory.support.AbstractBeanFactory.lambda$doGetBean$0(AbstractBeanFactory.java:335)
	at org.springframework.beans.factory.support.DefaultSingletonBeanRegistry.getSingleton(DefaultSingletonBeanRegistry.java:234)
	at org.springframework.beans.factory.support.AbstractBeanFactory.doGetBean(AbstractBeanFactory.java:333)
	at org.springframework.beans.factory.support.AbstractBeanFactory.getBean(AbstractBeanFactory.java:208)
	at org.springframework.beans.factory.support.DefaultListableBeanFactory.preInstantiateSingletons(DefaultListableBeanFactory.java:955)
	at org.springframework.context.support.AbstractApplicationContext.finishBeanFactoryInitialization(AbstractApplicationContext.java:920)
	at org.springframework.context.support.AbstractApplicationContext.refresh(AbstractApplicationContext.java:583)
	at org.springframework.boot.web.servlet.context.ServletWebServerApplicationContext.refresh(ServletWebServerApplicationContext.java:147)
	at org.springframework.boot.SpringApplication.refresh(SpringApplication.java:731)
	at org.springframework.boot.SpringApplication.refreshContext(SpringApplication.java:408)
	at org.springframework.boot.SpringApplication.run(SpringApplication.java:307)
	at org.springframework.boot.SpringApplication.run(SpringApplication.java:1303)
	at org.springframework.boot.SpringApplication.run(SpringApplication.java:1292)
	at org.example.Application.main(Application.java:12)
Caused by: org.springframework.beans.BeanInstantiationException: Failed to instantiate [com.zaxxer.hikari.HikariDataSource]: Factory method 'dataSource' threw exception; nested exception is java.lang.IllegalStateException: Cannot load driver class: com.mysql.cj.jdbc.Driver
	at org.springframework.beans.factory.support.SimpleInstantiationStrategy.instantiate(SimpleInstantiationStrategy.java:185)
	at org.springframework.beans.factory.support.ConstructorResolver.instantiate(ConstructorResolver.java:653)
	... 19 common frames omitted
Caused by: java.lang.IllegalStateException: Cannot load driver class: com.mysql.cj.jdbc.Driver
	at org.springframework.util.Assert.state(Assert.java:97)
	at org.springframework.boot.autoconfigure.jdbc.DataSourceProperties.determineDriverClassName(DataSourceProperties.java:175)
	at org.springframework.boot.autoconfigure.jdbc.DataSourceProperties.initializeDataSourceBuilder(DataSourceProperties.java:125)
	at org.springframework.boot.autoconfigure.jdbc.DataSourceConfiguration.createDataSource(DataSourceConfiguration.java:48)
	at org.springframework.boot.autoconfigure.jdbc.DataSourceConfiguration$Hikari.dataSource(DataSourceConfiguration.java:90)
	at sun.reflect.NativeMethodAccessorImpl.invoke0(Native Method)
	at sun.reflect.NativeMethodAccessorImpl.invoke(NativeMethodAccessorImpl.java:62)
	at sun.reflect.DelegatingMethodAccessorImpl.invoke(DelegatingMethodAccessorImpl.java:43)
	at java.lang.reflect.Method.invoke(Method.java:498)
	at org.springframework.beans.factory.support.SimpleInstantiationStrategy.instantiate(SimpleInstantiationStrategy.java:154)
	... 20 common frames omitted
24-10-18.11:04:54.572 [main            ] INFO  Application            - Starting Application using Java 1.8.0_412 on DESKTOP-65RJJEF with PID 2928 (D:\workspace\s-pay-mall-zqiusu\s-pay-mall-controller\target\classes started by 24409 in D:\workspace\s-pay-mall-zqiusu)
24-10-18.11:04:54.575 [main            ] INFO  Application            - The following 1 profile is active: "prod"
24-10-18.11:04:55.541 [main            ] WARN  ClassPathMapperScanner - No MyBatis mapper was found in '[org.example]' package. Please check your configuration.
24-10-18.11:04:56.159 [main            ] INFO  TomcatWebServer        - Tomcat initialized with port(s): 8080 (http)
24-10-18.11:04:56.169 [main            ] INFO  Http11NioProtocol      - Initializing ProtocolHandler ["http-nio-8080"]
24-10-18.11:04:56.169 [main            ] INFO  StandardService        - Starting service [Tomcat]
24-10-18.11:04:56.169 [main            ] INFO  StandardEngine         - Starting Servlet engine: [Apache Tomcat/9.0.75]
24-10-18.11:04:56.273 [main            ] INFO  [/]                    - Initializing Spring embedded WebApplicationContext
24-10-18.11:04:56.273 [main            ] INFO  ServletWebServerApplicationContext - Root WebApplicationContext: initialization completed in 1626 ms
24-10-18.11:04:56.595 [main            ] WARN  AnnotationConfigServletWebServerApplicationContext - Exception encountered during context initialization - cancelling refresh attempt: org.springframework.beans.factory.BeanCreationException: Error creating bean with name 'dataSource' defined in class path resource [org/springframework/boot/autoconfigure/jdbc/DataSourceConfiguration$Hikari.class]: Bean instantiation via factory method failed; nested exception is org.springframework.beans.BeanInstantiationException: Failed to instantiate [com.zaxxer.hikari.HikariDataSource]: Factory method 'dataSource' threw exception; nested exception is java.lang.IllegalStateException: Cannot load driver class: com.mysql.cj.jdbc.Driver
24-10-18.11:04:56.597 [main            ] INFO  StandardService        - Stopping service [Tomcat]
24-10-18.11:04:56.607 [main            ] INFO  ConditionEvaluationReportLoggingListener - 

Error starting ApplicationContext. To display the conditions report re-run your application with 'debug' enabled.
24-10-18.11:04:56.648 [main            ] ERROR SpringApplication      - Application run failed
org.springframework.beans.factory.BeanCreationException: Error creating bean with name 'dataSource' defined in class path resource [org/springframework/boot/autoconfigure/jdbc/DataSourceConfiguration$Hikari.class]: Bean instantiation via factory method failed; nested exception is org.springframework.beans.BeanInstantiationException: Failed to instantiate [com.zaxxer.hikari.HikariDataSource]: Factory method 'dataSource' threw exception; nested exception is java.lang.IllegalStateException: Cannot load driver class: com.mysql.cj.jdbc.Driver
	at org.springframework.beans.factory.support.ConstructorResolver.instantiate(ConstructorResolver.java:658)
	at org.springframework.beans.factory.support.ConstructorResolver.instantiateUsingFactoryMethod(ConstructorResolver.java:638)
	at org.springframework.beans.factory.support.AbstractAutowireCapableBeanFactory.instantiateUsingFactoryMethod(AbstractAutowireCapableBeanFactory.java:1352)
	at org.springframework.beans.factory.support.AbstractAutowireCapableBeanFactory.createBeanInstance(AbstractAutowireCapableBeanFactory.java:1195)
	at org.springframework.beans.factory.support.AbstractAutowireCapableBeanFactory.doCreateBean(AbstractAutowireCapableBeanFactory.java:582)
	at org.springframework.beans.factory.support.AbstractAutowireCapableBeanFactory.createBean(AbstractAutowireCapableBeanFactory.java:542)
	at org.springframework.beans.factory.support.AbstractBeanFactory.lambda$doGetBean$0(AbstractBeanFactory.java:335)
	at org.springframework.beans.factory.support.DefaultSingletonBeanRegistry.getSingleton(DefaultSingletonBeanRegistry.java:234)
	at org.springframework.beans.factory.support.AbstractBeanFactory.doGetBean(AbstractBeanFactory.java:333)
	at org.springframework.beans.factory.support.AbstractBeanFactory.getBean(AbstractBeanFactory.java:208)
	at org.springframework.beans.factory.support.DefaultListableBeanFactory.preInstantiateSingletons(DefaultListableBeanFactory.java:955)
	at org.springframework.context.support.AbstractApplicationContext.finishBeanFactoryInitialization(AbstractApplicationContext.java:920)
	at org.springframework.context.support.AbstractApplicationContext.refresh(AbstractApplicationContext.java:583)
	at org.springframework.boot.web.servlet.context.ServletWebServerApplicationContext.refresh(ServletWebServerApplicationContext.java:147)
	at org.springframework.boot.SpringApplication.refresh(SpringApplication.java:731)
	at org.springframework.boot.SpringApplication.refreshContext(SpringApplication.java:408)
	at org.springframework.boot.SpringApplication.run(SpringApplication.java:307)
	at org.springframework.boot.SpringApplication.run(SpringApplication.java:1303)
	at org.springframework.boot.SpringApplication.run(SpringApplication.java:1292)
	at org.example.Application.main(Application.java:12)
Caused by: org.springframework.beans.BeanInstantiationException: Failed to instantiate [com.zaxxer.hikari.HikariDataSource]: Factory method 'dataSource' threw exception; nested exception is java.lang.IllegalStateException: Cannot load driver class: com.mysql.cj.jdbc.Driver
	at org.springframework.beans.factory.support.SimpleInstantiationStrategy.instantiate(SimpleInstantiationStrategy.java:185)
	at org.springframework.beans.factory.support.ConstructorResolver.instantiate(ConstructorResolver.java:653)
	... 19 common frames omitted
Caused by: java.lang.IllegalStateException: Cannot load driver class: com.mysql.cj.jdbc.Driver
	at org.springframework.util.Assert.state(Assert.java:97)
	at org.springframework.boot.autoconfigure.jdbc.DataSourceProperties.determineDriverClassName(DataSourceProperties.java:175)
	at org.springframework.boot.autoconfigure.jdbc.DataSourceProperties.initializeDataSourceBuilder(DataSourceProperties.java:125)
	at org.springframework.boot.autoconfigure.jdbc.DataSourceConfiguration.createDataSource(DataSourceConfiguration.java:48)
	at org.springframework.boot.autoconfigure.jdbc.DataSourceConfiguration$Hikari.dataSource(DataSourceConfiguration.java:90)
	at sun.reflect.NativeMethodAccessorImpl.invoke0(Native Method)
	at sun.reflect.NativeMethodAccessorImpl.invoke(NativeMethodAccessorImpl.java:62)
	at sun.reflect.DelegatingMethodAccessorImpl.invoke(DelegatingMethodAccessorImpl.java:43)
	at java.lang.reflect.Method.invoke(Method.java:498)
	at org.springframework.beans.factory.support.SimpleInstantiationStrategy.instantiate(SimpleInstantiationStrategy.java:154)
	... 20 common frames omitted
24-10-18.11:16:32.190 [main            ] INFO  Application            - Starting Application using Java 1.8.0_412 on DESKTOP-65RJJEF with PID 12016 (D:\workspace\s-pay-mall-zqiusu\s-pay-mall-controller\target\classes started by 24409 in D:\workspace\s-pay-mall-zqiusu)
24-10-18.11:16:32.194 [main            ] INFO  Application            - The following 1 profile is active: "prod"
24-10-18.11:16:33.191 [main            ] WARN  ClassPathMapperScanner - No MyBatis mapper was found in '[org.example]' package. Please check your configuration.
24-10-18.11:16:33.830 [main            ] INFO  TomcatWebServer        - Tomcat initialized with port(s): 8080 (http)
24-10-18.11:16:33.839 [main            ] INFO  Http11NioProtocol      - Initializing ProtocolHandler ["http-nio-8080"]
24-10-18.11:16:33.840 [main            ] INFO  StandardService        - Starting service [Tomcat]
24-10-18.11:16:33.840 [main            ] INFO  StandardEngine         - Starting Servlet engine: [Apache Tomcat/9.0.75]
24-10-18.11:16:33.945 [main            ] INFO  [/]                    - Initializing Spring embedded WebApplicationContext
24-10-18.11:16:33.945 [main            ] INFO  ServletWebServerApplicationContext - Root WebApplicationContext: initialization completed in 1697 ms
24-10-18.11:16:34.261 [main            ] WARN  AnnotationConfigServletWebServerApplicationContext - Exception encountered during context initialization - cancelling refresh attempt: org.springframework.beans.factory.BeanCreationException: Error creating bean with name 'dataSource' defined in class path resource [org/springframework/boot/autoconfigure/jdbc/DataSourceConfiguration$Hikari.class]: Bean instantiation via factory method failed; nested exception is org.springframework.beans.BeanInstantiationException: Failed to instantiate [com.zaxxer.hikari.HikariDataSource]: Factory method 'dataSource' threw exception; nested exception is org.springframework.boot.autoconfigure.jdbc.DataSourceProperties$DataSourceBeanCreationException: Failed to determine a suitable driver class
24-10-18.11:16:34.264 [main            ] INFO  StandardService        - Stopping service [Tomcat]
24-10-18.11:16:34.273 [main            ] INFO  ConditionEvaluationReportLoggingListener - 

Error starting ApplicationContext. To display the conditions report re-run your application with 'debug' enabled.
24-10-18.11:16:34.295 [main            ] ERROR LoggingFailureAnalysisReporter - 

***************************
APPLICATION FAILED TO START
***************************

Description:

Failed to configure a DataSource: 'url' attribute is not specified and no embedded datasource could be configured.

Reason: Failed to determine a suitable driver class


Action:

Consider the following:
	If you want an embedded database (H2, HSQL or Derby), please put it on the classpath.
	If you have database settings to be loaded from a particular profile you may need to activate it (the profiles prod are currently active).

24-10-18.11:20:26.574 [main            ] INFO  Application            - Starting Application using Java 1.8.0_412 on DESKTOP-65RJJEF with PID 20676 (D:\workspace\s-pay-mall-zqiusu\s-pay-mall-controller\target\classes started by 24409 in D:\workspace\s-pay-mall-zqiusu)
24-10-18.11:20:26.577 [main            ] INFO  Application            - The following 1 profile is active: "prod"
24-10-18.11:20:27.661 [main            ] WARN  ClassPathMapperScanner - No MyBatis mapper was found in '[org.example]' package. Please check your configuration.
24-10-18.11:20:28.402 [main            ] INFO  TomcatWebServer        - Tomcat initialized with port(s): 8080 (http)
24-10-18.11:20:28.412 [main            ] INFO  Http11NioProtocol      - Initializing ProtocolHandler ["http-nio-8080"]
24-10-18.11:20:28.413 [main            ] INFO  StandardService        - Starting service [Tomcat]
24-10-18.11:20:28.413 [main            ] INFO  StandardEngine         - Starting Servlet engine: [Apache Tomcat/9.0.75]
24-10-18.11:20:28.534 [main            ] INFO  [/]                    - Initializing Spring embedded WebApplicationContext
24-10-18.11:20:28.534 [main            ] INFO  ServletWebServerApplicationContext - Root WebApplicationContext: initialization completed in 1898 ms
24-10-18.11:20:28.906 [main            ] WARN  AnnotationConfigServletWebServerApplicationContext - Exception encountered during context initialization - cancelling refresh attempt: org.springframework.beans.factory.BeanCreationException: Error creating bean with name 'dataSource' defined in class path resource [org/springframework/boot/autoconfigure/jdbc/DataSourceConfiguration$Hikari.class]: Bean instantiation via factory method failed; nested exception is org.springframework.beans.BeanInstantiationException: Failed to instantiate [com.zaxxer.hikari.HikariDataSource]: Factory method 'dataSource' threw exception; nested exception is org.springframework.boot.autoconfigure.jdbc.DataSourceProperties$DataSourceBeanCreationException: Failed to determine a suitable driver class
24-10-18.11:20:28.908 [main            ] INFO  StandardService        - Stopping service [Tomcat]
24-10-18.11:20:28.942 [main            ] INFO  ConditionEvaluationReportLoggingListener - 

Error starting ApplicationContext. To display the conditions report re-run your application with 'debug' enabled.
24-10-18.11:20:28.984 [main            ] ERROR LoggingFailureAnalysisReporter - 

***************************
APPLICATION FAILED TO START
***************************

Description:

Failed to configure a DataSource: 'url' attribute is not specified and no embedded datasource could be configured.

Reason: Failed to determine a suitable driver class


Action:

Consider the following:
	If you want an embedded database (H2, HSQL or Derby), please put it on the classpath.
	If you have database settings to be loaded from a particular profile you may need to activate it (the profiles prod are currently active).

24-10-18.11:21:57.677 [main            ] INFO  Application            - Starting Application using Java 1.8.0_412 on DESKTOP-65RJJEF with PID 13412 (D:\workspace\s-pay-mall-zqiusu\s-pay-mall-controller\target\classes started by 24409 in D:\workspace\s-pay-mall-zqiusu)
24-10-18.11:21:57.682 [main            ] INFO  Application            - The following 1 profile is active: "prod"
24-10-18.11:21:59.148 [main            ] WARN  ClassPathMapperScanner - No MyBatis mapper was found in '[org.example]' package. Please check your configuration.
24-10-18.11:21:59.960 [main            ] INFO  TomcatWebServer        - Tomcat initialized with port(s): 8080 (http)
24-10-18.11:21:59.970 [main            ] INFO  Http11NioProtocol      - Initializing ProtocolHandler ["http-nio-8080"]
24-10-18.11:21:59.971 [main            ] INFO  StandardService        - Starting service [Tomcat]
24-10-18.11:21:59.971 [main            ] INFO  StandardEngine         - Starting Servlet engine: [Apache Tomcat/9.0.75]
24-10-18.11:22:00.233 [main            ] INFO  [/]                    - Initializing Spring embedded WebApplicationContext
24-10-18.11:22:00.233 [main            ] INFO  ServletWebServerApplicationContext - Root WebApplicationContext: initialization completed in 2469 ms
24-10-18.11:22:00.593 [main            ] WARN  AnnotationConfigServletWebServerApplicationContext - Exception encountered during context initialization - cancelling refresh attempt: org.springframework.beans.factory.BeanCreationException: Error creating bean with name 'dataSource' defined in class path resource [org/springframework/boot/autoconfigure/jdbc/DataSourceConfiguration$Hikari.class]: Bean instantiation via factory method failed; nested exception is org.springframework.beans.BeanInstantiationException: Failed to instantiate [com.zaxxer.hikari.HikariDataSource]: Factory method 'dataSource' threw exception; nested exception is org.springframework.boot.autoconfigure.jdbc.DataSourceProperties$DataSourceBeanCreationException: Failed to determine a suitable driver class
24-10-18.11:22:00.596 [main            ] INFO  StandardService        - Stopping service [Tomcat]
24-10-18.11:22:00.631 [main            ] INFO  ConditionEvaluationReportLoggingListener - 

Error starting ApplicationContext. To display the conditions report re-run your application with 'debug' enabled.
24-10-18.11:22:00.669 [main            ] ERROR LoggingFailureAnalysisReporter - 

***************************
APPLICATION FAILED TO START
***************************

Description:

Failed to configure a DataSource: 'url' attribute is not specified and no embedded datasource could be configured.

Reason: Failed to determine a suitable driver class


Action:

Consider the following:
	If you want an embedded database (H2, HSQL or Derby), please put it on the classpath.
	If you have database settings to be loaded from a particular profile you may need to activate it (the profiles prod are currently active).

24-10-18.11:37:01.627 [main            ] INFO  Application            - Starting Application using Java 1.8.0_412 on DESKTOP-65RJJEF with PID 15436 (D:\workspace\s-pay-mall-zqiusu\s-pay-mall-controller\target\classes started by 24409 in D:\workspace\s-pay-mall-zqiusu)
24-10-18.11:37:01.629 [main            ] INFO  Application            - The following 1 profile is active: "dev"
24-10-18.11:37:02.171 [main            ] WARN  ClassPathMapperScanner - No MyBatis mapper was found in '[org.example]' package. Please check your configuration.
24-10-18.11:37:02.529 [main            ] INFO  TomcatWebServer        - Tomcat initialized with port(s): 8080 (http)
24-10-18.11:37:02.537 [main            ] INFO  Http11NioProtocol      - Initializing ProtocolHandler ["http-nio-8080"]
24-10-18.11:37:02.537 [main            ] INFO  StandardService        - Starting service [Tomcat]
24-10-18.11:37:02.538 [main            ] INFO  StandardEngine         - Starting Servlet engine: [Apache Tomcat/9.0.75]
24-10-18.11:37:02.629 [main            ] INFO  [/]                    - Initializing Spring embedded WebApplicationContext
24-10-18.11:37:02.629 [main            ] INFO  ServletWebServerApplicationContext - Root WebApplicationContext: initialization completed in 962 ms
24-10-18.11:37:03.335 [main            ] INFO  Http11NioProtocol      - Starting ProtocolHandler ["http-nio-8080"]
24-10-18.11:37:03.482 [main            ] INFO  TomcatWebServer        - Tomcat started on port(s): 8080 (http) with context path ''
24-10-18.11:37:03.506 [main            ] INFO  Application            - Started Application in 2.379 seconds (JVM running for 3.333)
24-10-18.11:37:21.000 [http-nio-8080-exec-1] INFO  [/]                    - Initializing Spring DispatcherServlet 'dispatcherServlet'
24-10-18.11:37:21.001 [http-nio-8080-exec-1] INFO  DispatcherServlet      - Initializing Servlet 'dispatcherServlet'
24-10-18.11:37:21.002 [http-nio-8080-exec-1] INFO  DispatcherServlet      - Completed initialization in 1 ms
