24-11-22.15:12:11.908 [main            ] INFO  OrderServiceTest       - Starting OrderServiceTest using Java 1.8.0_431 on DESKTOP-CBM2HV2 with PID 8392 (started by zqiusu in D:\Workspace\s-pay-mall-qiusu\s-pay-mall-controller)
24-11-22.15:12:11.911 [main            ] INFO  OrderServiceTest       - The following 1 profile is active: "dev"
24-11-22.15:12:18.290 [main            ] INFO  OrderServiceTest       - Started OrderServiceTest in 6.937 seconds (JVM running for 8.664)
24-11-22.15:12:18.999 [main            ] INFO  HikariDataSource       - HikariPool-1 - Starting...
24-11-22.15:12:30.369 [main            ] ERROR HikariPool             - HikariPool-1 - Exception during pool initialization.
java.sql.SQLNonTransientConnectionException: Could not create connection to database server. Attempted reconnect 3 times. Giving up.
	at com.mysql.cj.jdbc.exceptions.SQLError.createSQLException(SQLError.java:110)
	at com.mysql.cj.jdbc.exceptions.SQLError.createSQLException(SQLError.java:97)
	at com.mysql.cj.jdbc.exceptions.SQLError.createSQLException(SQLError.java:89)
	at com.mysql.cj.jdbc.exceptions.SQLError.createSQLException(SQLError.java:63)
	at com.mysql.cj.jdbc.exceptions.SQLError.createSQLException(SQLError.java:73)
	at com.mysql.cj.jdbc.ConnectionImpl.connectWithRetries(ConnectionImpl.java:903)
	at com.mysql.cj.jdbc.ConnectionImpl.createNewIO(ConnectionImpl.java:828)
	at com.mysql.cj.jdbc.ConnectionImpl.<init>(ConnectionImpl.java:453)
	at com.mysql.cj.jdbc.ConnectionImpl.getInstance(ConnectionImpl.java:246)
	at com.mysql.cj.jdbc.NonRegisteringDriver.connect(NonRegisteringDriver.java:198)
	at com.zaxxer.hikari.util.DriverDataSource.getConnection(DriverDataSource.java:138)
	at com.zaxxer.hikari.pool.PoolBase.newConnection(PoolBase.java:364)
	at com.zaxxer.hikari.pool.PoolBase.newPoolEntry(PoolBase.java:206)
	at com.zaxxer.hikari.pool.HikariPool.createPoolEntry(HikariPool.java:476)
	at com.zaxxer.hikari.pool.HikariPool.checkFailFast(HikariPool.java:561)
	at com.zaxxer.hikari.pool.HikariPool.<init>(HikariPool.java:115)
	at com.zaxxer.hikari.HikariDataSource.getConnection(HikariDataSource.java:112)
	at org.springframework.jdbc.datasource.DataSourceUtils.fetchConnection(DataSourceUtils.java:159)
	at org.springframework.jdbc.datasource.DataSourceUtils.doGetConnection(DataSourceUtils.java:117)
	at org.springframework.jdbc.datasource.DataSourceUtils.getConnection(DataSourceUtils.java:80)
	at org.mybatis.spring.transaction.SpringManagedTransaction.openConnection(SpringManagedTransaction.java:80)
	at org.mybatis.spring.transaction.SpringManagedTransaction.getConnection(SpringManagedTransaction.java:67)
	at org.apache.ibatis.executor.BaseExecutor.getConnection(BaseExecutor.java:337)
	at org.apache.ibatis.executor.SimpleExecutor.prepareStatement(SimpleExecutor.java:86)
	at org.apache.ibatis.executor.SimpleExecutor.doQuery(SimpleExecutor.java:62)
	at org.apache.ibatis.executor.BaseExecutor.queryFromDatabase(BaseExecutor.java:325)
	at org.apache.ibatis.executor.BaseExecutor.query(BaseExecutor.java:156)
	at org.apache.ibatis.executor.CachingExecutor.query(CachingExecutor.java:109)
	at org.apache.ibatis.executor.CachingExecutor.query(CachingExecutor.java:89)
	at org.apache.ibatis.session.defaults.DefaultSqlSession.selectList(DefaultSqlSession.java:147)
	at org.apache.ibatis.session.defaults.DefaultSqlSession.selectList(DefaultSqlSession.java:140)
	at org.apache.ibatis.session.defaults.DefaultSqlSession.selectOne(DefaultSqlSession.java:76)
	at sun.reflect.NativeMethodAccessorImpl.invoke0(Native Method)
	at sun.reflect.NativeMethodAccessorImpl.invoke(NativeMethodAccessorImpl.java:62)
	at sun.reflect.DelegatingMethodAccessorImpl.invoke(DelegatingMethodAccessorImpl.java:43)
	at java.lang.reflect.Method.invoke(Method.java:498)
	at org.mybatis.spring.SqlSessionTemplate$SqlSessionInterceptor.invoke(SqlSessionTemplate.java:427)
	at com.sun.proxy.$Proxy74.selectOne(Unknown Source)
	at org.mybatis.spring.SqlSessionTemplate.selectOne(SqlSessionTemplate.java:160)
	at org.apache.ibatis.binding.MapperMethod.execute(MapperMethod.java:87)
	at org.apache.ibatis.binding.MapperProxy$PlainMethodInvoker.invoke(MapperProxy.java:152)
	at org.apache.ibatis.binding.MapperProxy.invoke(MapperProxy.java:85)
	at com.sun.proxy.$Proxy75.queryUnPayOrder(Unknown Source)
	at org.example.service.impl.OrderServiceImpl.createOrder(OrderServiceImpl.java:49)
	at org.example.test.service.OrderServiceTest.test_createOrder(OrderServiceTest.java:28)
	at sun.reflect.NativeMethodAccessorImpl.invoke0(Native Method)
	at sun.reflect.NativeMethodAccessorImpl.invoke(NativeMethodAccessorImpl.java:62)
	at sun.reflect.DelegatingMethodAccessorImpl.invoke(DelegatingMethodAccessorImpl.java:43)
	at java.lang.reflect.Method.invoke(Method.java:498)
	at org.junit.runners.model.FrameworkMethod$1.runReflectiveCall(FrameworkMethod.java:59)
	at org.junit.internal.runners.model.ReflectiveCallable.run(ReflectiveCallable.java:12)
	at org.junit.runners.model.FrameworkMethod.invokeExplosively(FrameworkMethod.java:56)
	at org.junit.internal.runners.statements.InvokeMethod.evaluate(InvokeMethod.java:17)
	at org.springframework.test.context.junit4.statements.RunBeforeTestExecutionCallbacks.evaluate(RunBeforeTestExecutionCallbacks.java:74)
	at org.springframework.test.context.junit4.statements.RunAfterTestExecutionCallbacks.evaluate(RunAfterTestExecutionCallbacks.java:84)
	at org.springframework.test.context.junit4.statements.RunBeforeTestMethodCallbacks.evaluate(RunBeforeTestMethodCallbacks.java:75)
	at org.springframework.test.context.junit4.statements.RunAfterTestMethodCallbacks.evaluate(RunAfterTestMethodCallbacks.java:86)
	at org.springframework.test.context.junit4.statements.SpringRepeat.evaluate(SpringRepeat.java:84)
	at org.junit.runners.ParentRunner.runLeaf(ParentRunner.java:366)
	at org.springframework.test.context.junit4.SpringJUnit4ClassRunner.runChild(SpringJUnit4ClassRunner.java:251)
	at org.springframework.test.context.junit4.SpringJUnit4ClassRunner.runChild(SpringJUnit4ClassRunner.java:97)
	at org.junit.runners.ParentRunner$4.run(ParentRunner.java:331)
	at org.junit.runners.ParentRunner$1.schedule(ParentRunner.java:79)
	at org.junit.runners.ParentRunner.runChildren(ParentRunner.java:329)
	at org.junit.runners.ParentRunner.access$100(ParentRunner.java:66)
	at org.junit.runners.ParentRunner$2.evaluate(ParentRunner.java:293)
	at org.springframework.test.context.junit4.statements.RunBeforeTestClassCallbacks.evaluate(RunBeforeTestClassCallbacks.java:61)
	at org.springframework.test.context.junit4.statements.RunAfterTestClassCallbacks.evaluate(RunAfterTestClassCallbacks.java:70)
	at org.junit.runners.ParentRunner$3.evaluate(ParentRunner.java:306)
	at org.junit.runners.ParentRunner.run(ParentRunner.java:413)
	at org.springframework.test.context.junit4.SpringJUnit4ClassRunner.run(SpringJUnit4ClassRunner.java:190)
	at org.junit.runner.JUnitCore.run(JUnitCore.java:137)
	at com.intellij.junit4.JUnit4IdeaTestRunner.startRunnerWithArgs(JUnit4IdeaTestRunner.java:69)
	at com.intellij.rt.junit.IdeaTestRunner$Repeater$1.execute(IdeaTestRunner.java:38)
	at com.intellij.rt.execution.junit.TestsRepeater.repeat(TestsRepeater.java:11)
	at com.intellij.rt.junit.IdeaTestRunner$Repeater.startRunnerWithArgs(IdeaTestRunner.java:35)
	at com.intellij.rt.junit.JUnitStarter.prepareStreamsAndStart(JUnitStarter.java:232)
	at com.intellij.rt.junit.JUnitStarter.main(JUnitStarter.java:55)
Caused by: com.mysql.cj.exceptions.CJCommunicationsException: Communications link failure

The last packet sent successfully to the server was 0 milliseconds ago. The driver has not received any packets from the server.
	at sun.reflect.NativeConstructorAccessorImpl.newInstance0(Native Method)
	at sun.reflect.NativeConstructorAccessorImpl.newInstance(NativeConstructorAccessorImpl.java:62)
	at sun.reflect.DelegatingConstructorAccessorImpl.newInstance(DelegatingConstructorAccessorImpl.java:45)
	at java.lang.reflect.Constructor.newInstance(Constructor.java:423)
	at com.mysql.cj.exceptions.ExceptionFactory.createException(ExceptionFactory.java:61)
	at com.mysql.cj.exceptions.ExceptionFactory.createException(ExceptionFactory.java:105)
	at com.mysql.cj.exceptions.ExceptionFactory.createException(ExceptionFactory.java:151)
	at com.mysql.cj.exceptions.ExceptionFactory.createCommunicationsException(ExceptionFactory.java:167)
	at com.mysql.cj.protocol.a.NativeSocketConnection.connect(NativeSocketConnection.java:89)
	at com.mysql.cj.NativeSession.connect(NativeSession.java:144)
	at com.mysql.cj.jdbc.ConnectionImpl.connectWithRetries(ConnectionImpl.java:847)
	... 72 common frames omitted
Caused by: java.net.ConnectException: Connection refused: connect
	at java.net.DualStackPlainSocketImpl.waitForConnect(Native Method)
	at java.net.DualStackPlainSocketImpl.socketConnect(DualStackPlainSocketImpl.java:81)
	at java.net.AbstractPlainSocketImpl.doConnect(AbstractPlainSocketImpl.java:476)
	at java.net.AbstractPlainSocketImpl.connectToAddress(AbstractPlainSocketImpl.java:218)
	at java.net.AbstractPlainSocketImpl.connect(AbstractPlainSocketImpl.java:200)
	at java.net.PlainSocketImpl.connect(PlainSocketImpl.java:162)
	at java.net.SocksSocketImpl.connect(SocksSocketImpl.java:394)
	at java.net.Socket.connect(Socket.java:606)
	at com.mysql.cj.protocol.StandardSocketFactory.connect(StandardSocketFactory.java:155)
	at com.mysql.cj.protocol.a.NativeSocketConnection.connect(NativeSocketConnection.java:63)
	... 74 common frames omitted
24-11-22.15:12:42.294 [main            ] INFO  OrderServiceTest       - Starting OrderServiceTest using Java 1.8.0_431 on DESKTOP-CBM2HV2 with PID 15504 (started by zqiusu in D:\Workspace\s-pay-mall-qiusu\s-pay-mall-controller)
24-11-22.15:12:42.296 [main            ] INFO  OrderServiceTest       - The following 1 profile is active: "dev"
24-11-22.15:12:46.832 [main            ] INFO  OrderServiceTest       - Started OrderServiceTest in 5.193 seconds (JVM running for 6.475)
24-11-22.15:12:47.257 [main            ] INFO  HikariDataSource       - HikariPool-1 - Starting...
24-11-22.15:12:47.693 [main            ] INFO  HikariDataSource       - HikariPool-1 - Start completed.
24-11-22.15:12:47.758 [main            ] INFO  OrderServiceImpl       - 创建订单-存在，存在未创建支付单订单，创建支付单开始 userId:wyc productId:10003 orderId:3321143248682339
24-11-22.15:12:48.117 [SpringApplicationShutdownHook] INFO  HikariDataSource       - HikariPool-1 - Shutdown initiated...
24-11-22.15:12:48.145 [SpringApplicationShutdownHook] INFO  HikariDataSource       - HikariPool-1 - Shutdown completed.
24-11-22.15:37:53.845 [main            ] INFO  OrderServiceTest       - Starting OrderServiceTest using Java 1.8.0_431 on DESKTOP-CBM2HV2 with PID 4128 (started by zqiusu in D:\Workspace\s-pay-mall-qiusu\s-pay-mall-controller)
24-11-22.15:37:53.847 [main            ] INFO  OrderServiceTest       - The following 1 profile is active: "dev"
24-11-22.15:37:57.916 [main            ] INFO  OrderServiceTest       - Started OrderServiceTest in 4.709 seconds (JVM running for 6.209)
24-11-22.15:37:58.283 [main            ] INFO  HikariDataSource       - HikariPool-1 - Starting...
24-11-22.15:37:58.824 [main            ] INFO  HikariDataSource       - HikariPool-1 - Start completed.
24-11-22.15:37:58.960 [main            ] INFO  OrderServiceImpl       - 创建订单-存在，存在未创建支付单订单，创建支付单开始 userId:wyc productId:10003 orderId:3321143248682339
24-11-22.15:37:59.338 [SpringApplicationShutdownHook] INFO  HikariDataSource       - HikariPool-1 - Shutdown initiated...
24-11-22.15:37:59.370 [SpringApplicationShutdownHook] INFO  HikariDataSource       - HikariPool-1 - Shutdown completed.
24-11-22.15:57:14.766 [main            ] INFO  OrderServiceTest       - Starting OrderServiceTest using Java 1.8.0_431 on DESKTOP-CBM2HV2 with PID 7956 (started by zqiusu in D:\Workspace\s-pay-mall-qiusu\s-pay-mall-controller)
24-11-22.15:57:14.768 [main            ] INFO  OrderServiceTest       - The following 1 profile is active: "dev"
24-11-22.15:57:18.775 [main            ] INFO  OrderServiceTest       - Started OrderServiceTest in 4.785 seconds (JVM running for 6.453)
24-11-22.15:57:19.128 [main            ] INFO  HikariDataSource       - HikariPool-1 - Starting...
24-11-22.15:57:19.578 [main            ] INFO  HikariDataSource       - HikariPool-1 - Start completed.
24-11-22.15:57:19.649 [main            ] INFO  OrderServiceImpl       - 创建订单-存在，存在未创建支付单订单，创建支付单开始 userId:wyc productId:10003 orderId:3321143248682339
24-11-22.15:57:19.976 [SpringApplicationShutdownHook] INFO  HikariDataSource       - HikariPool-1 - Shutdown initiated...
24-11-22.15:57:20.008 [SpringApplicationShutdownHook] INFO  HikariDataSource       - HikariPool-1 - Shutdown completed.
24-11-22.15:57:35.284 [main            ] INFO  OrderServiceTest       - Starting OrderServiceTest using Java 1.8.0_431 on DESKTOP-CBM2HV2 with PID 17076 (started by zqiusu in D:\Workspace\s-pay-mall-qiusu\s-pay-mall-controller)
24-11-22.15:57:35.286 [main            ] INFO  OrderServiceTest       - The following 1 profile is active: "dev"
24-11-22.15:57:39.417 [main            ] INFO  OrderServiceTest       - Started OrderServiceTest in 4.662 seconds (JVM running for 5.818)
24-11-22.15:57:39.785 [main            ] INFO  HikariDataSource       - HikariPool-1 - Starting...
24-11-22.15:57:40.126 [main            ] INFO  HikariDataSource       - HikariPool-1 - Start completed.
24-11-22.15:57:40.216 [main            ] INFO  OrderServiceImpl       - 创建订单-存在，存在未创建支付单订单，创建支付单开始 userId:wyc productId:10003 orderId:3321143248682339
24-11-22.15:57:40.585 [SpringApplicationShutdownHook] INFO  HikariDataSource       - HikariPool-1 - Shutdown initiated...
24-11-22.15:57:40.614 [SpringApplicationShutdownHook] INFO  HikariDataSource       - HikariPool-1 - Shutdown completed.
24-11-22.16:06:37.726 [main            ] INFO  OrderServiceTest       - Starting OrderServiceTest using Java 1.8.0_431 on DESKTOP-CBM2HV2 with PID 1632 (started by zqiusu in D:\Workspace\s-pay-mall-qiusu\s-pay-mall-controller)
24-11-22.16:06:37.728 [main            ] INFO  OrderServiceTest       - The following 1 profile is active: "dev"
24-11-22.16:06:42.475 [main            ] INFO  OrderServiceTest       - Started OrderServiceTest in 5.55 seconds (JVM running for 7.805)
24-11-22.16:06:42.883 [main            ] INFO  HikariDataSource       - HikariPool-1 - Starting...
24-11-22.16:06:43.326 [main            ] INFO  HikariDataSource       - HikariPool-1 - Start completed.
24-11-22.16:06:43.396 [main            ] INFO  OrderServiceImpl       - 创建订单-存在，存在未创建支付单订单，创建支付单开始 userId:wyc productId:10003 orderId:3321143248682339
24-11-22.16:24:17.011 [HikariPool-1 housekeeper] WARN  HikariPool             - HikariPool-1 - Thread starvation or clock leap detected (housekeeper delta=17m33s551ms835µs400ns).
24-11-22.16:24:17.210 [SpringApplicationShutdownHook] INFO  HikariDataSource       - HikariPool-1 - Shutdown initiated...
24-11-22.16:24:17.337 [SpringApplicationShutdownHook] INFO  HikariDataSource       - HikariPool-1 - Shutdown completed.
24-11-22.16:24:21.575 [main            ] INFO  OrderServiceTest       - Starting OrderServiceTest using Java 1.8.0_431 on DESKTOP-CBM2HV2 with PID 25608 (started by zqiusu in D:\Workspace\s-pay-mall-qiusu\s-pay-mall-controller)
24-11-22.16:24:21.576 [main            ] INFO  OrderServiceTest       - The following 1 profile is active: "dev"
24-11-22.16:24:25.814 [main            ] INFO  OrderServiceTest       - Started OrderServiceTest in 4.876 seconds (JVM running for 6.412)
24-11-22.16:24:26.230 [main            ] INFO  HikariDataSource       - HikariPool-1 - Starting...
24-11-22.16:24:26.668 [main            ] INFO  HikariDataSource       - HikariPool-1 - Start completed.
24-11-22.16:24:26.741 [main            ] INFO  OrderServiceImpl       - 创建订单-存在，存在未创建支付单订单，创建支付单开始 userId:wyc productId:10003 orderId:3321143248682339
24-11-22.16:34:13.775 [HikariPool-1 housekeeper] WARN  HikariPool             - HikariPool-1 - Thread starvation or clock leap detected (housekeeper delta=9m46s996ms162µs).
24-11-22.16:34:13.841 [SpringApplicationShutdownHook] INFO  HikariDataSource       - HikariPool-1 - Shutdown initiated...
24-11-22.16:34:13.887 [SpringApplicationShutdownHook] INFO  HikariDataSource       - HikariPool-1 - Shutdown completed.
24-11-22.16:34:17.091 [main            ] INFO  OrderServiceTest       - Starting OrderServiceTest using Java 1.8.0_431 on DESKTOP-CBM2HV2 with PID 13404 (started by zqiusu in D:\Workspace\s-pay-mall-qiusu\s-pay-mall-controller)
24-11-22.16:34:17.092 [main            ] INFO  OrderServiceTest       - The following 1 profile is active: "dev"
24-11-22.16:34:21.156 [main            ] INFO  OrderServiceTest       - Started OrderServiceTest in 4.678 seconds (JVM running for 6.126)
24-11-22.16:34:21.543 [main            ] INFO  HikariDataSource       - HikariPool-1 - Starting...
24-11-22.16:34:21.958 [main            ] INFO  HikariDataSource       - HikariPool-1 - Start completed.
24-11-22.16:34:22.034 [main            ] INFO  OrderServiceImpl       - 创建订单-存在，存在未创建支付单订单，创建支付单开始 userId:wyc productId:10003 orderId:3321143248682339
24-11-22.16:35:42.098 [HikariPool-1 housekeeper] WARN  HikariPool             - HikariPool-1 - Thread starvation or clock leap detected (housekeeper delta=1m20s34ms621µs700ns).
24-11-22.16:35:42.140 [SpringApplicationShutdownHook] INFO  HikariDataSource       - HikariPool-1 - Shutdown initiated...
24-11-22.16:35:42.166 [SpringApplicationShutdownHook] INFO  HikariDataSource       - HikariPool-1 - Shutdown completed.
24-11-22.16:35:45.604 [main            ] INFO  OrderServiceTest       - Starting OrderServiceTest using Java 1.8.0_431 on DESKTOP-CBM2HV2 with PID 22020 (started by zqiusu in D:\Workspace\s-pay-mall-qiusu\s-pay-mall-controller)
24-11-22.16:35:45.605 [main            ] INFO  OrderServiceTest       - The following 1 profile is active: "dev"
24-11-22.16:35:48.932 [main            ] INFO  OrderServiceTest       - Started OrderServiceTest in 3.895 seconds (JVM running for 5.004)
24-11-22.16:35:49.241 [main            ] INFO  HikariDataSource       - HikariPool-1 - Starting...
24-11-22.16:35:49.548 [main            ] INFO  HikariDataSource       - HikariPool-1 - Start completed.
24-11-22.16:35:49.608 [main            ] INFO  OrderServiceImpl       - 创建订单-存在，存在未创建支付单订单，创建支付单开始 userId:wyc productId:10003 orderId:3321143248682339
24-11-22.16:35:49.865 [SpringApplicationShutdownHook] INFO  HikariDataSource       - HikariPool-1 - Shutdown initiated...
24-11-22.16:35:49.891 [SpringApplicationShutdownHook] INFO  HikariDataSource       - HikariPool-1 - Shutdown completed.
24-11-22.16:35:58.697 [main            ] INFO  OrderServiceTest       - Starting OrderServiceTest using Java 1.8.0_431 on DESKTOP-CBM2HV2 with PID 14616 (started by zqiusu in D:\Workspace\s-pay-mall-qiusu\s-pay-mall-controller)
24-11-22.16:35:58.698 [main            ] INFO  OrderServiceTest       - The following 1 profile is active: "dev"
24-11-22.16:36:02.548 [main            ] INFO  OrderServiceTest       - Started OrderServiceTest in 4.414 seconds (JVM running for 5.795)
24-11-22.16:36:02.918 [main            ] INFO  HikariDataSource       - HikariPool-1 - Starting...
24-11-22.16:36:03.300 [main            ] INFO  HikariDataSource       - HikariPool-1 - Start completed.
24-11-22.16:36:03.368 [main            ] INFO  OrderServiceImpl       - 创建订单-存在，存在未创建支付单订单，创建支付单开始 userId:wyc productId:10003 orderId:3321143248682339
24-11-22.17:05:34.074 [HikariPool-1 housekeeper] WARN  HikariPool             - HikariPool-1 - Thread starvation or clock leap detected (housekeeper delta=29m30s630ms659µs700ns).
24-11-22.17:05:34.558 [SpringApplicationShutdownHook] INFO  HikariDataSource       - HikariPool-1 - Shutdown initiated...
24-11-22.17:05:34.784 [SpringApplicationShutdownHook] INFO  HikariDataSource       - HikariPool-1 - Shutdown completed.
24-11-22.17:05:42.613 [main            ] INFO  OrderServiceTest       - Starting OrderServiceTest using Java 1.8.0_431 on DESKTOP-CBM2HV2 with PID 23232 (started by zqiusu in D:\Workspace\s-pay-mall-qiusu\s-pay-mall-controller)
24-11-22.17:05:42.615 [main            ] INFO  OrderServiceTest       - The following 1 profile is active: "dev"
24-11-22.17:05:46.573 [main            ] INFO  OrderServiceTest       - Started OrderServiceTest in 4.548 seconds (JVM running for 5.829)
24-11-22.17:05:47.030 [main            ] INFO  HikariDataSource       - HikariPool-1 - Starting...
24-11-22.17:05:47.466 [main            ] INFO  HikariDataSource       - HikariPool-1 - Start completed.
24-11-22.17:05:47.545 [main            ] INFO  OrderServiceImpl       - 创建订单-存在，存在未创建支付单订单，创建支付单开始 userId:wyc productId:10003 orderId:3321143248682339
24-11-22.17:05:48.029 [main            ] INFO  OrderServiceTest       - 请求参数:{"productId":"10003","userId":"wyc"}
24-11-22.17:05:48.033 [main            ] INFO  OrderServiceTest       - 测试结果:{"orderId":"3321143248682339","payUrl":"<form name=\"punchout_form\" method=\"post\" action=\"https://openapi-sandbox.dl.alipaydev.com/gateway.do?charset=utf-8&method=alipay.trade.page.pay&sign=VlNFXFYJhxTyH3jtq4RanmP52rQu%2FZrq86Xd2AGmcHc8yqwDz2xioGa6bLgD36pVXHgNnsyR%2FXPU9OENFRbezgeVMRx85%2FuSthqHvO2Wlh0S6Cbzen0Bth9FqKWBgrMS8BAT5U2f2TEtSnbIGPRSI4Pci3cim1DN188x%2BoFcQi3rQ7nfZ%2BXKXZvPyK9KhOp0JLDDuDWTpwf2GCeAcVnNb920j9CjML%2BOAfQF7yDqjC2ZEGB6OsXiRhMfsXvjDnWY2FKxeqoJ3v%2FY6UKSWUi5N7EKZoneWiaA4RvWUPicZcRCAegjxgbwuLcwrH2C9plUQiMQnY11tlOtVs4MorDEAg%3D%3D&return_url=https%3A%2F%2Fgaga.plus&notify_url=http%3A%2F%2Fzqiusu-studio.natapp1.cc%2Fapi%2Fv1%2Falipay%2Fpay_notify&version=1.0&app_id=9021000141622405&sign_type=RSA2&timestamp=2024-11-22+17%3A05%3A47&alipay_sdk=alipay-sdk-java-4.38.157.ALL&format=json\">\n<input type=\"hidden\" name=\"biz_content\" value=\"{&quot;out_trade_no&quot;:&quot;3321143248682339&quot;,&quot;total_amount&quot;:&quot;1.68&quot;,&quot;subject&quot;:&quot;测试商品&quot;,&quot;product_code&quot;:&quot;FAST_INSTANT_TRADE_PAY&quot;}\">\n<input type=\"submit\" value=\"立即支付\" style=\"display:none\" >\n</form>\n<script>document.forms[0].submit();</script>"}
24-11-22.17:05:48.054 [SpringApplicationShutdownHook] INFO  HikariDataSource       - HikariPool-1 - Shutdown initiated...
24-11-22.17:05:48.085 [SpringApplicationShutdownHook] INFO  HikariDataSource       - HikariPool-1 - Shutdown completed.
